Start testing: Jul 04 10:51 +0530
----------------------------------------------------------
1/197 Testing: PlayerStateTest.StateEnumValues
1/197 Test: PlayerStateTest.StateEnumValues
Command: "/Users/neo/Documents/SLIIT/Projects/rav_player/build/tests/core/core_tests" "--gtest_filter=PlayerStateTest.StateEnumValues" "--gtest_also_run_disabled_tests"
Directory: /Users/neo/Documents/SLIIT/Projects/rav_player/build/tests/core
"PlayerStateTest.StateEnumValues" start time: Jul 04 10:51 +0530
Output:
----------------------------------------------------------
Running main() from gmock_main.cc
Note: Google Test filter = PlayerStateTest.StateEnumValues
[==========] Running 1 test from 1 test suite.
[----------] Global test environment set-up.
[----------] 1 test from PlayerStateTest
[ RUN      ] PlayerStateTest.StateEnumValues
[       OK ] PlayerStateTest.StateEnumValues (0 ms)
[----------] 1 test from PlayerStateTest (0 ms total)

[----------] Global test environment tear-down
[==========] 1 test from 1 test suite ran. (0 ms total)
[  PASSED  ] 1 test.
<end of output>
Test time =   0.03 sec
----------------------------------------------------------
Test Passed.
"PlayerStateTest.StateEnumValues" end time: Jul 04 10:51 +0530
"PlayerStateTest.StateEnumValues" time elapsed: 00:00:00
----------------------------------------------------------

2/197 Testing: PlayerStateTest.StateCount
2/197 Test: PlayerStateTest.StateCount
Command: "/Users/neo/Documents/SLIIT/Projects/rav_player/build/tests/core/core_tests" "--gtest_filter=PlayerStateTest.StateCount" "--gtest_also_run_disabled_tests"
Directory: /Users/neo/Documents/SLIIT/Projects/rav_player/build/tests/core
"PlayerStateTest.StateCount" start time: Jul 04 10:51 +0530
Output:
----------------------------------------------------------
Running main() from gmock_main.cc
Note: Google Test filter = PlayerStateTest.StateCount
[==========] Running 1 test from 1 test suite.
[----------] Global test environment set-up.
[----------] 1 test from PlayerStateTest
[ RUN      ] PlayerStateTest.StateCount
[       OK ] PlayerStateTest.StateCount (0 ms)
[----------] 1 test from PlayerStateTest (0 ms total)

[----------] Global test environment tear-down
[==========] 1 test from 1 test suite ran. (0 ms total)
[  PASSED  ] 1 test.
<end of output>
Test time =   0.02 sec
----------------------------------------------------------
Test Passed.
"PlayerStateTest.StateCount" end time: Jul 04 10:51 +0530
"PlayerStateTest.StateCount" time elapsed: 00:00:00
----------------------------------------------------------

3/197 Testing: PlayerCommandTest.PlayCommand
3/197 Test: PlayerCommandTest.PlayCommand
Command: "/Users/neo/Documents/SLIIT/Projects/rav_player/build/tests/core/core_tests" "--gtest_filter=PlayerCommandTest.PlayCommand" "--gtest_also_run_disabled_tests"
Directory: /Users/neo/Documents/SLIIT/Projects/rav_player/build/tests/core
"PlayerCommandTest.PlayCommand" start time: Jul 04 10:51 +0530
Output:
----------------------------------------------------------
Running main() from gmock_main.cc
Note: Google Test filter = PlayerCommandTest.PlayCommand
[==========] Running 1 test from 1 test suite.
[----------] Global test environment set-up.
[----------] 1 test from PlayerCommandTest
[ RUN      ] PlayerCommandTest.PlayCommand
[       OK ] PlayerCommandTest.PlayCommand (0 ms)
[----------] 1 test from PlayerCommandTest (0 ms total)

[----------] Global test environment tear-down
[==========] 1 test from 1 test suite ran. (0 ms total)
[  PASSED  ] 1 test.
<end of output>
Test time =   0.02 sec
----------------------------------------------------------
Test Passed.
"PlayerCommandTest.PlayCommand" end time: Jul 04 10:51 +0530
"PlayerCommandTest.PlayCommand" time elapsed: 00:00:00
----------------------------------------------------------

4/197 Testing: PlayerCommandTest.SeekCommand
4/197 Test: PlayerCommandTest.SeekCommand
Command: "/Users/neo/Documents/SLIIT/Projects/rav_player/build/tests/core/core_tests" "--gtest_filter=PlayerCommandTest.SeekCommand" "--gtest_also_run_disabled_tests"
Directory: /Users/neo/Documents/SLIIT/Projects/rav_player/build/tests/core
"PlayerCommandTest.SeekCommand" start time: Jul 04 10:51 +0530
Output:
----------------------------------------------------------
Running main() from gmock_main.cc
Note: Google Test filter = PlayerCommandTest.SeekCommand
[==========] Running 1 test from 1 test suite.
[----------] Global test environment set-up.
[----------] 1 test from PlayerCommandTest
[ RUN      ] PlayerCommandTest.SeekCommand
[       OK ] PlayerCommandTest.SeekCommand (0 ms)
[----------] 1 test from PlayerCommandTest (0 ms total)

[----------] Global test environment tear-down
[==========] 1 test from 1 test suite ran. (0 ms total)
[  PASSED  ] 1 test.
<end of output>
Test time =   0.02 sec
----------------------------------------------------------
Test Passed.
"PlayerCommandTest.SeekCommand" end time: Jul 04 10:51 +0530
"PlayerCommandTest.SeekCommand" time elapsed: 00:00:00
----------------------------------------------------------

5/197 Testing: PlayerCommandTest.LoadMediaCommand
5/197 Test: PlayerCommandTest.LoadMediaCommand
Command: "/Users/neo/Documents/SLIIT/Projects/rav_player/build/tests/core/core_tests" "--gtest_filter=PlayerCommandTest.LoadMediaCommand" "--gtest_also_run_disabled_tests"
Directory: /Users/neo/Documents/SLIIT/Projects/rav_player/build/tests/core
"PlayerCommandTest.LoadMediaCommand" start time: Jul 04 10:51 +0530
Output:
----------------------------------------------------------
Running main() from gmock_main.cc
Note: Google Test filter = PlayerCommandTest.LoadMediaCommand
[==========] Running 1 test from 1 test suite.
[----------] Global test environment set-up.
[----------] 1 test from PlayerCommandTest
[ RUN      ] PlayerCommandTest.LoadMediaCommand
[       OK ] PlayerCommandTest.LoadMediaCommand (0 ms)
[----------] 1 test from PlayerCommandTest (0 ms total)

[----------] Global test environment tear-down
[==========] 1 test from 1 test suite ran. (0 ms total)
[  PASSED  ] 1 test.
<end of output>
Test time =   0.02 sec
----------------------------------------------------------
Test Passed.
"PlayerCommandTest.LoadMediaCommand" end time: Jul 04 10:51 +0530
"PlayerCommandTest.LoadMediaCommand" time elapsed: 00:00:00
----------------------------------------------------------

6/197 Testing: PlayerCommandTest.AllCommandTypes
6/197 Test: PlayerCommandTest.AllCommandTypes
Command: "/Users/neo/Documents/SLIIT/Projects/rav_player/build/tests/core/core_tests" "--gtest_filter=PlayerCommandTest.AllCommandTypes" "--gtest_also_run_disabled_tests"
Directory: /Users/neo/Documents/SLIIT/Projects/rav_player/build/tests/core
"PlayerCommandTest.AllCommandTypes" start time: Jul 04 10:51 +0530
Output:
----------------------------------------------------------
Running main() from gmock_main.cc
Note: Google Test filter = PlayerCommandTest.AllCommandTypes
[==========] Running 1 test from 1 test suite.
[----------] Global test environment set-up.
[----------] 1 test from PlayerCommandTest
[ RUN      ] PlayerCommandTest.AllCommandTypes
[       OK ] PlayerCommandTest.AllCommandTypes (0 ms)
[----------] 1 test from PlayerCommandTest (0 ms total)

[----------] Global test environment tear-down
[==========] 1 test from 1 test suite ran. (0 ms total)
[  PASSED  ] 1 test.
<end of output>
Test time =   0.02 sec
----------------------------------------------------------
Test Passed.
"PlayerCommandTest.AllCommandTypes" end time: Jul 04 10:51 +0530
"PlayerCommandTest.AllCommandTypes" time elapsed: 00:00:00
----------------------------------------------------------

7/197 Testing: PlayerEventTest.PlaybackStartedEvent
7/197 Test: PlayerEventTest.PlaybackStartedEvent
Command: "/Users/neo/Documents/SLIIT/Projects/rav_player/build/tests/core/core_tests" "--gtest_filter=PlayerEventTest.PlaybackStartedEvent" "--gtest_also_run_disabled_tests"
Directory: /Users/neo/Documents/SLIIT/Projects/rav_player/build/tests/core
"PlayerEventTest.PlaybackStartedEvent" start time: Jul 04 10:51 +0530
Output:
----------------------------------------------------------
Running main() from gmock_main.cc
Note: Google Test filter = PlayerEventTest.PlaybackStartedEvent
[==========] Running 1 test from 1 test suite.
[----------] Global test environment set-up.
[----------] 1 test from PlayerEventTest
[ RUN      ] PlayerEventTest.PlaybackStartedEvent
[       OK ] PlayerEventTest.PlaybackStartedEvent (0 ms)
[----------] 1 test from PlayerEventTest (0 ms total)

[----------] Global test environment tear-down
[==========] 1 test from 1 test suite ran. (0 ms total)
[  PASSED  ] 1 test.
<end of output>
Test time =   0.02 sec
----------------------------------------------------------
Test Passed.
"PlayerEventTest.PlaybackStartedEvent" end time: Jul 04 10:51 +0530
"PlayerEventTest.PlaybackStartedEvent" time elapsed: 00:00:00
----------------------------------------------------------

8/197 Testing: PlayerEventTest.ErrorOccurredEvent
8/197 Test: PlayerEventTest.ErrorOccurredEvent
Command: "/Users/neo/Documents/SLIIT/Projects/rav_player/build/tests/core/core_tests" "--gtest_filter=PlayerEventTest.ErrorOccurredEvent" "--gtest_also_run_disabled_tests"
Directory: /Users/neo/Documents/SLIIT/Projects/rav_player/build/tests/core
"PlayerEventTest.ErrorOccurredEvent" start time: Jul 04 10:51 +0530
Output:
----------------------------------------------------------
Running main() from gmock_main.cc
Note: Google Test filter = PlayerEventTest.ErrorOccurredEvent
[==========] Running 1 test from 1 test suite.
[----------] Global test environment set-up.
[----------] 1 test from PlayerEventTest
[ RUN      ] PlayerEventTest.ErrorOccurredEvent
[       OK ] PlayerEventTest.ErrorOccurredEvent (0 ms)
[----------] 1 test from PlayerEventTest (0 ms total)

[----------] Global test environment tear-down
[==========] 1 test from 1 test suite ran. (0 ms total)
[  PASSED  ] 1 test.
<end of output>
Test time =   0.02 sec
----------------------------------------------------------
Test Passed.
"PlayerEventTest.ErrorOccurredEvent" end time: Jul 04 10:51 +0530
"PlayerEventTest.ErrorOccurredEvent" time elapsed: 00:00:00
----------------------------------------------------------

9/197 Testing: PlayerEventTest.StateChangedEvent
9/197 Test: PlayerEventTest.StateChangedEvent
Command: "/Users/neo/Documents/SLIIT/Projects/rav_player/build/tests/core/core_tests" "--gtest_filter=PlayerEventTest.StateChangedEvent" "--gtest_also_run_disabled_tests"
Directory: /Users/neo/Documents/SLIIT/Projects/rav_player/build/tests/core
"PlayerEventTest.StateChangedEvent" start time: Jul 04 10:51 +0530
Output:
----------------------------------------------------------
Running main() from gmock_main.cc
Note: Google Test filter = PlayerEventTest.StateChangedEvent
[==========] Running 1 test from 1 test suite.
[----------] Global test environment set-up.
[----------] 1 test from PlayerEventTest
[ RUN      ] PlayerEventTest.StateChangedEvent
[       OK ] PlayerEventTest.StateChangedEvent (0 ms)
[----------] 1 test from PlayerEventTest (0 ms total)

[----------] Global test environment tear-down
[==========] 1 test from 1 test suite ran. (0 ms total)
[  PASSED  ] 1 test.
<end of output>
Test time =   0.02 sec
----------------------------------------------------------
Test Passed.
"PlayerEventTest.StateChangedEvent" end time: Jul 04 10:51 +0530
"PlayerEventTest.StateChangedEvent" time elapsed: 00:00:00
----------------------------------------------------------

10/197 Testing: PlayerEventTest.AllEventTypes
10/197 Test: PlayerEventTest.AllEventTypes
Command: "/Users/neo/Documents/SLIIT/Projects/rav_player/build/tests/core/core_tests" "--gtest_filter=PlayerEventTest.AllEventTypes" "--gtest_also_run_disabled_tests"
Directory: /Users/neo/Documents/SLIIT/Projects/rav_player/build/tests/core
"PlayerEventTest.AllEventTypes" start time: Jul 04 10:51 +0530
Output:
----------------------------------------------------------
Running main() from gmock_main.cc
Note: Google Test filter = PlayerEventTest.AllEventTypes
[==========] Running 1 test from 1 test suite.
[----------] Global test environment set-up.
[----------] 1 test from PlayerEventTest
[ RUN      ] PlayerEventTest.AllEventTypes
[       OK ] PlayerEventTest.AllEventTypes (0 ms)
[----------] 1 test from PlayerEventTest (0 ms total)

[----------] Global test environment tear-down
[==========] 1 test from 1 test suite ran. (0 ms total)
[  PASSED  ] 1 test.
<end of output>
Test time =   0.02 sec
----------------------------------------------------------
Test Passed.
"PlayerEventTest.AllEventTypes" end time: Jul 04 10:51 +0530
"PlayerEventTest.AllEventTypes" time elapsed: 00:00:00
----------------------------------------------------------

11/197 Testing: EventBusTest.PublishAndPollCommand
11/197 Test: EventBusTest.PublishAndPollCommand
Command: "/Users/neo/Documents/SLIIT/Projects/rav_player/build/tests/core/core_tests" "--gtest_filter=EventBusTest.PublishAndPollCommand" "--gtest_also_run_disabled_tests"
Directory: /Users/neo/Documents/SLIIT/Projects/rav_player/build/tests/core
"EventBusTest.PublishAndPollCommand" start time: Jul 04 10:51 +0530
Output:
----------------------------------------------------------
Running main() from gmock_main.cc
Note: Google Test filter = EventBusTest.PublishAndPollCommand
[==========] Running 1 test from 1 test suite.
[----------] Global test environment set-up.
[----------] 1 test from EventBusTest
[ RUN      ] EventBusTest.PublishAndPollCommand
[       OK ] EventBusTest.PublishAndPollCommand (0 ms)
[----------] 1 test from EventBusTest (0 ms total)

[----------] Global test environment tear-down
[==========] 1 test from 1 test suite ran. (0 ms total)
[  PASSED  ] 1 test.
<end of output>
Test time =   0.02 sec
----------------------------------------------------------
Test Passed.
"EventBusTest.PublishAndPollCommand" end time: Jul 04 10:51 +0530
"EventBusTest.PublishAndPollCommand" time elapsed: 00:00:00
----------------------------------------------------------

12/197 Testing: EventBusTest.PollReturnsFalseWhenEmpty
12/197 Test: EventBusTest.PollReturnsFalseWhenEmpty
Command: "/Users/neo/Documents/SLIIT/Projects/rav_player/build/tests/core/core_tests" "--gtest_filter=EventBusTest.PollReturnsFalseWhenEmpty" "--gtest_also_run_disabled_tests"
Directory: /Users/neo/Documents/SLIIT/Projects/rav_player/build/tests/core
"EventBusTest.PollReturnsFalseWhenEmpty" start time: Jul 04 10:51 +0530
Output:
----------------------------------------------------------
Running main() from gmock_main.cc
Note: Google Test filter = EventBusTest.PollReturnsFalseWhenEmpty
[==========] Running 1 test from 1 test suite.
[----------] Global test environment set-up.
[----------] 1 test from EventBusTest
[ RUN      ] EventBusTest.PollReturnsFalseWhenEmpty
[       OK ] EventBusTest.PollReturnsFalseWhenEmpty (0 ms)
[----------] 1 test from EventBusTest (0 ms total)

[----------] Global test environment tear-down
[==========] 1 test from 1 test suite ran. (0 ms total)
[  PASSED  ] 1 test.
<end of output>
Test time =   0.02 sec
----------------------------------------------------------
Test Passed.
"EventBusTest.PollReturnsFalseWhenEmpty" end time: Jul 04 10:51 +0530
"EventBusTest.PollReturnsFalseWhenEmpty" time elapsed: 00:00:00
----------------------------------------------------------

13/197 Testing: EventBusTest.PublishAndPollEvent
13/197 Test: EventBusTest.PublishAndPollEvent
Command: "/Users/neo/Documents/SLIIT/Projects/rav_player/build/tests/core/core_tests" "--gtest_filter=EventBusTest.PublishAndPollEvent" "--gtest_also_run_disabled_tests"
Directory: /Users/neo/Documents/SLIIT/Projects/rav_player/build/tests/core
"EventBusTest.PublishAndPollEvent" start time: Jul 04 10:51 +0530
Output:
----------------------------------------------------------
Running main() from gmock_main.cc
Note: Google Test filter = EventBusTest.PublishAndPollEvent
[==========] Running 1 test from 1 test suite.
[----------] Global test environment set-up.
[----------] 1 test from EventBusTest
[ RUN      ] EventBusTest.PublishAndPollEvent
[       OK ] EventBusTest.PublishAndPollEvent (0 ms)
[----------] 1 test from EventBusTest (0 ms total)

[----------] Global test environment tear-down
[==========] 1 test from 1 test suite ran. (0 ms total)
[  PASSED  ] 1 test.
<end of output>
Test time =   0.02 sec
----------------------------------------------------------
Test Passed.
"EventBusTest.PublishAndPollEvent" end time: Jul 04 10:51 +0530
"EventBusTest.PublishAndPollEvent" time elapsed: 00:00:00
----------------------------------------------------------

14/197 Testing: EventBusTest.SubscribeAndDispatch
14/197 Test: EventBusTest.SubscribeAndDispatch
Command: "/Users/neo/Documents/SLIIT/Projects/rav_player/build/tests/core/core_tests" "--gtest_filter=EventBusTest.SubscribeAndDispatch" "--gtest_also_run_disabled_tests"
Directory: /Users/neo/Documents/SLIIT/Projects/rav_player/build/tests/core
"EventBusTest.SubscribeAndDispatch" start time: Jul 04 10:51 +0530
Output:
----------------------------------------------------------
Running main() from gmock_main.cc
Note: Google Test filter = EventBusTest.SubscribeAndDispatch
[==========] Running 1 test from 1 test suite.
[----------] Global test environment set-up.
[----------] 1 test from EventBusTest
[ RUN      ] EventBusTest.SubscribeAndDispatch
[       OK ] EventBusTest.SubscribeAndDispatch (0 ms)
[----------] 1 test from EventBusTest (0 ms total)

[----------] Global test environment tear-down
[==========] 1 test from 1 test suite ran. (0 ms total)
[  PASSED  ] 1 test.
<end of output>
Test time =   0.02 sec
----------------------------------------------------------
Test Passed.
"EventBusTest.SubscribeAndDispatch" end time: Jul 04 10:51 +0530
"EventBusTest.SubscribeAndDispatch" time elapsed: 00:00:00
----------------------------------------------------------

15/197 Testing: EventBusTest.MultipleSubscribers
15/197 Test: EventBusTest.MultipleSubscribers
Command: "/Users/neo/Documents/SLIIT/Projects/rav_player/build/tests/core/core_tests" "--gtest_filter=EventBusTest.MultipleSubscribers" "--gtest_also_run_disabled_tests"
Directory: /Users/neo/Documents/SLIIT/Projects/rav_player/build/tests/core
"EventBusTest.MultipleSubscribers" start time: Jul 04 10:51 +0530
Output:
----------------------------------------------------------
Running main() from gmock_main.cc
Note: Google Test filter = EventBusTest.MultipleSubscribers
[==========] Running 1 test from 1 test suite.
[----------] Global test environment set-up.
[----------] 1 test from EventBusTest
[ RUN      ] EventBusTest.MultipleSubscribers
[       OK ] EventBusTest.MultipleSubscribers (0 ms)
[----------] 1 test from EventBusTest (0 ms total)

[----------] Global test environment tear-down
[==========] 1 test from 1 test suite ran. (0 ms total)
[  PASSED  ] 1 test.
<end of output>
Test time =   0.02 sec
----------------------------------------------------------
Test Passed.
"EventBusTest.MultipleSubscribers" end time: Jul 04 10:51 +0530
"EventBusTest.MultipleSubscribers" time elapsed: 00:00:00
----------------------------------------------------------

16/197 Testing: EventBusTest.FIFOOrder
16/197 Test: EventBusTest.FIFOOrder
Command: "/Users/neo/Documents/SLIIT/Projects/rav_player/build/tests/core/core_tests" "--gtest_filter=EventBusTest.FIFOOrder" "--gtest_also_run_disabled_tests"
Directory: /Users/neo/Documents/SLIIT/Projects/rav_player/build/tests/core
"EventBusTest.FIFOOrder" start time: Jul 04 10:51 +0530
Output:
----------------------------------------------------------
Running main() from gmock_main.cc
Note: Google Test filter = EventBusTest.FIFOOrder
[==========] Running 1 test from 1 test suite.
[----------] Global test environment set-up.
[----------] 1 test from EventBusTest
[ RUN      ] EventBusTest.FIFOOrder
[       OK ] EventBusTest.FIFOOrder (0 ms)
[----------] 1 test from EventBusTest (0 ms total)

[----------] Global test environment tear-down
[==========] 1 test from 1 test suite ran. (0 ms total)
[  PASSED  ] 1 test.
<end of output>
Test time =   0.02 sec
----------------------------------------------------------
Test Passed.
"EventBusTest.FIFOOrder" end time: Jul 04 10:51 +0530
"EventBusTest.FIFOOrder" time elapsed: 00:00:00
----------------------------------------------------------

17/197 Testing: LoggerTest.LoggerExists
17/197 Test: LoggerTest.LoggerExists
Command: "/Users/neo/Documents/SLIIT/Projects/rav_player/build/tests/core/core_tests" "--gtest_filter=LoggerTest.LoggerExists" "--gtest_also_run_disabled_tests"
Directory: /Users/neo/Documents/SLIIT/Projects/rav_player/build/tests/core
"LoggerTest.LoggerExists" start time: Jul 04 10:51 +0530
Output:
----------------------------------------------------------
Running main() from gmock_main.cc
Note: Google Test filter = LoggerTest.LoggerExists
[==========] Running 1 test from 1 test suite.
[----------] Global test environment set-up.
[----------] 1 test from LoggerTest
[ RUN      ] LoggerTest.LoggerExists
[       OK ] LoggerTest.LoggerExists (0 ms)
[----------] 1 test from LoggerTest (0 ms total)

[----------] Global test environment tear-down
[==========] 1 test from 1 test suite ran. (0 ms total)
[  PASSED  ] 1 test.
<end of output>
Test time =   0.02 sec
----------------------------------------------------------
Test Passed.
"LoggerTest.LoggerExists" end time: Jul 04 10:51 +0530
"LoggerTest.LoggerExists" time elapsed: 00:00:00
----------------------------------------------------------

18/197 Testing: LoggerTest.LogDoesNotCrash
18/197 Test: LoggerTest.LogDoesNotCrash
Command: "/Users/neo/Documents/SLIIT/Projects/rav_player/build/tests/core/core_tests" "--gtest_filter=LoggerTest.LogDoesNotCrash" "--gtest_also_run_disabled_tests"
Directory: /Users/neo/Documents/SLIIT/Projects/rav_player/build/tests/core
"LoggerTest.LogDoesNotCrash" start time: Jul 04 10:51 +0530
Output:
----------------------------------------------------------
Running main() from gmock_main.cc
Note: Google Test filter = LoggerTest.LogDoesNotCrash
[==========] Running 1 test from 1 test suite.
[----------] Global test environment set-up.
[----------] 1 test from LoggerTest
[ RUN      ] LoggerTest.LogDoesNotCrash
10:51:16:053 [INFO ] [test] hello 42
[       OK ] LoggerTest.LogDoesNotCrash (0 ms)
[----------] 1 test from LoggerTest (0 ms total)

[----------] Global test environment tear-down
[==========] 1 test from 1 test suite ran. (0 ms total)
[  PASSED  ] 1 test.
<end of output>
Test time =   0.02 sec
----------------------------------------------------------
Test Passed.
"LoggerTest.LogDoesNotCrash" end time: Jul 04 10:51 +0530
"LoggerTest.LogDoesNotCrash" time elapsed: 00:00:00
----------------------------------------------------------

19/197 Testing: RingBufferTest.PushAndPop
19/197 Test: RingBufferTest.PushAndPop
Command: "/Users/neo/Documents/SLIIT/Projects/rav_player/build/tests/utilities/utilities_tests" "--gtest_filter=RingBufferTest.PushAndPop" "--gtest_also_run_disabled_tests"
Directory: /Users/neo/Documents/SLIIT/Projects/rav_player/build/tests/utilities
"RingBufferTest.PushAndPop" start time: Jul 04 10:51 +0530
Output:
----------------------------------------------------------
Running main() from gmock_main.cc
Note: Google Test filter = RingBufferTest.PushAndPop
[==========] Running 1 test from 1 test suite.
[----------] Global test environment set-up.
[----------] 1 test from RingBufferTest
[ RUN      ] RingBufferTest.PushAndPop
[       OK ] RingBufferTest.PushAndPop (0 ms)
[----------] 1 test from RingBufferTest (0 ms total)

[----------] Global test environment tear-down
[==========] 1 test from 1 test suite ran. (0 ms total)
[  PASSED  ] 1 test.
<end of output>
Test time =   0.02 sec
----------------------------------------------------------
Test Passed.
"RingBufferTest.PushAndPop" end time: Jul 04 10:51 +0530
"RingBufferTest.PushAndPop" time elapsed: 00:00:00
----------------------------------------------------------

20/197 Testing: RingBufferTest.Overflow
20/197 Test: RingBufferTest.Overflow
Command: "/Users/neo/Documents/SLIIT/Projects/rav_player/build/tests/utilities/utilities_tests" "--gtest_filter=RingBufferTest.Overflow" "--gtest_also_run_disabled_tests"
Directory: /Users/neo/Documents/SLIIT/Projects/rav_player/build/tests/utilities
"RingBufferTest.Overflow" start time: Jul 04 10:51 +0530
Output:
----------------------------------------------------------
Running main() from gmock_main.cc
Note: Google Test filter = RingBufferTest.Overflow
[==========] Running 1 test from 1 test suite.
[----------] Global test environment set-up.
[----------] 1 test from RingBufferTest
[ RUN      ] RingBufferTest.Overflow
[       OK ] RingBufferTest.Overflow (0 ms)
[----------] 1 test from RingBufferTest (0 ms total)

[----------] Global test environment tear-down
[==========] 1 test from 1 test suite ran. (0 ms total)
[  PASSED  ] 1 test.
<end of output>
Test time =   0.02 sec
----------------------------------------------------------
Test Passed.
"RingBufferTest.Overflow" end time: Jul 04 10:51 +0530
"RingBufferTest.Overflow" time elapsed: 00:00:00
----------------------------------------------------------

21/197 Testing: RingBufferTest.EmptyBuffer
21/197 Test: RingBufferTest.EmptyBuffer
Command: "/Users/neo/Documents/SLIIT/Projects/rav_player/build/tests/utilities/utilities_tests" "--gtest_filter=RingBufferTest.EmptyBuffer" "--gtest_also_run_disabled_tests"
Directory: /Users/neo/Documents/SLIIT/Projects/rav_player/build/tests/utilities
"RingBufferTest.EmptyBuffer" start time: Jul 04 10:51 +0530
Output:
----------------------------------------------------------
Running main() from gmock_main.cc
Note: Google Test filter = RingBufferTest.EmptyBuffer
[==========] Running 1 test from 1 test suite.
[----------] Global test environment set-up.
[----------] 1 test from RingBufferTest
[ RUN      ] RingBufferTest.EmptyBuffer
[       OK ] RingBufferTest.EmptyBuffer (0 ms)
[----------] 1 test from RingBufferTest (0 ms total)

[----------] Global test environment tear-down
[==========] 1 test from 1 test suite ran. (0 ms total)
[  PASSED  ] 1 test.
<end of output>
Test time =   0.02 sec
----------------------------------------------------------
Test Passed.
"RingBufferTest.EmptyBuffer" end time: Jul 04 10:51 +0530
"RingBufferTest.EmptyBuffer" time elapsed: 00:00:00
----------------------------------------------------------

22/197 Testing: RingBufferTest.Clear
22/197 Test: RingBufferTest.Clear
Command: "/Users/neo/Documents/SLIIT/Projects/rav_player/build/tests/utilities/utilities_tests" "--gtest_filter=RingBufferTest.Clear" "--gtest_also_run_disabled_tests"
Directory: /Users/neo/Documents/SLIIT/Projects/rav_player/build/tests/utilities
"RingBufferTest.Clear" start time: Jul 04 10:51 +0530
Output:
----------------------------------------------------------
Running main() from gmock_main.cc
Note: Google Test filter = RingBufferTest.Clear
[==========] Running 1 test from 1 test suite.
[----------] Global test environment set-up.
[----------] 1 test from RingBufferTest
[ RUN      ] RingBufferTest.Clear
[       OK ] RingBufferTest.Clear (0 ms)
[----------] 1 test from RingBufferTest (0 ms total)

[----------] Global test environment tear-down
[==========] 1 test from 1 test suite ran. (0 ms total)
[  PASSED  ] 1 test.
<end of output>
Test time =   0.02 sec
----------------------------------------------------------
Test Passed.
"RingBufferTest.Clear" end time: Jul 04 10:51 +0530
"RingBufferTest.Clear" time elapsed: 00:00:00
----------------------------------------------------------

23/197 Testing: RingBufferTest.Size
23/197 Test: RingBufferTest.Size
Command: "/Users/neo/Documents/SLIIT/Projects/rav_player/build/tests/utilities/utilities_tests" "--gtest_filter=RingBufferTest.Size" "--gtest_also_run_disabled_tests"
Directory: /Users/neo/Documents/SLIIT/Projects/rav_player/build/tests/utilities
"RingBufferTest.Size" start time: Jul 04 10:51 +0530
Output:
----------------------------------------------------------
Running main() from gmock_main.cc
Note: Google Test filter = RingBufferTest.Size
[==========] Running 1 test from 1 test suite.
[----------] Global test environment set-up.
[----------] 1 test from RingBufferTest
[ RUN      ] RingBufferTest.Size
[       OK ] RingBufferTest.Size (0 ms)
[----------] 1 test from RingBufferTest (0 ms total)

[----------] Global test environment tear-down
[==========] 1 test from 1 test suite ran. (0 ms total)
[  PASSED  ] 1 test.
<end of output>
Test time =   0.02 sec
----------------------------------------------------------
Test Passed.
"RingBufferTest.Size" end time: Jul 04 10:51 +0530
"RingBufferTest.Size" time elapsed: 00:00:00
----------------------------------------------------------

24/197 Testing: RingBufferTest.WrapAround
24/197 Test: RingBufferTest.WrapAround
Command: "/Users/neo/Documents/SLIIT/Projects/rav_player/build/tests/utilities/utilities_tests" "--gtest_filter=RingBufferTest.WrapAround" "--gtest_also_run_disabled_tests"
Directory: /Users/neo/Documents/SLIIT/Projects/rav_player/build/tests/utilities
"RingBufferTest.WrapAround" start time: Jul 04 10:51 +0530
Output:
----------------------------------------------------------
Running main() from gmock_main.cc
Note: Google Test filter = RingBufferTest.WrapAround
[==========] Running 1 test from 1 test suite.
[----------] Global test environment set-up.
[----------] 1 test from RingBufferTest
[ RUN      ] RingBufferTest.WrapAround
[       OK ] RingBufferTest.WrapAround (0 ms)
[----------] 1 test from RingBufferTest (0 ms total)

[----------] Global test environment tear-down
[==========] 1 test from 1 test suite ran. (0 ms total)
[  PASSED  ] 1 test.
<end of output>
Test time =   0.02 sec
----------------------------------------------------------
Test Passed.
"RingBufferTest.WrapAround" end time: Jul 04 10:51 +0530
"RingBufferTest.WrapAround" time elapsed: 00:00:00
----------------------------------------------------------

25/197 Testing: ThreadPoolTest.EnqueueAndWait
25/197 Test: ThreadPoolTest.EnqueueAndWait
Command: "/Users/neo/Documents/SLIIT/Projects/rav_player/build/tests/utilities/utilities_tests" "--gtest_filter=ThreadPoolTest.EnqueueAndWait" "--gtest_also_run_disabled_tests"
Directory: /Users/neo/Documents/SLIIT/Projects/rav_player/build/tests/utilities
"ThreadPoolTest.EnqueueAndWait" start time: Jul 04 10:51 +0530
Output:
----------------------------------------------------------
Running main() from gmock_main.cc
Note: Google Test filter = ThreadPoolTest.EnqueueAndWait
[==========] Running 1 test from 1 test suite.
[----------] Global test environment set-up.
[----------] 1 test from ThreadPoolTest
[ RUN      ] ThreadPoolTest.EnqueueAndWait
[       OK ] ThreadPoolTest.EnqueueAndWait (0 ms)
[----------] 1 test from ThreadPoolTest (0 ms total)

[----------] Global test environment tear-down
[==========] 1 test from 1 test suite ran. (0 ms total)
[  PASSED  ] 1 test.
<end of output>
Test time =   0.02 sec
----------------------------------------------------------
Test Passed.
"ThreadPoolTest.EnqueueAndWait" end time: Jul 04 10:51 +0530
"ThreadPoolTest.EnqueueAndWait" time elapsed: 00:00:00
----------------------------------------------------------

26/197 Testing: ThreadPoolTest.MultipleTasks
26/197 Test: ThreadPoolTest.MultipleTasks
Command: "/Users/neo/Documents/SLIIT/Projects/rav_player/build/tests/utilities/utilities_tests" "--gtest_filter=ThreadPoolTest.MultipleTasks" "--gtest_also_run_disabled_tests"
Directory: /Users/neo/Documents/SLIIT/Projects/rav_player/build/tests/utilities
"ThreadPoolTest.MultipleTasks" start time: Jul 04 10:51 +0530
Output:
----------------------------------------------------------
Running main() from gmock_main.cc
Note: Google Test filter = ThreadPoolTest.MultipleTasks
[==========] Running 1 test from 1 test suite.
[----------] Global test environment set-up.
[----------] 1 test from ThreadPoolTest
[ RUN      ] ThreadPoolTest.MultipleTasks
[       OK ] ThreadPoolTest.MultipleTasks (0 ms)
[----------] 1 test from ThreadPoolTest (0 ms total)

[----------] Global test environment tear-down
[==========] 1 test from 1 test suite ran. (0 ms total)
[  PASSED  ] 1 test.
<end of output>
Test time =   0.02 sec
----------------------------------------------------------
Test Passed.
"ThreadPoolTest.MultipleTasks" end time: Jul 04 10:51 +0530
"ThreadPoolTest.MultipleTasks" time elapsed: 00:00:00
----------------------------------------------------------

27/197 Testing: ThreadPoolTest.WorkerCount
27/197 Test: ThreadPoolTest.WorkerCount
Command: "/Users/neo/Documents/SLIIT/Projects/rav_player/build/tests/utilities/utilities_tests" "--gtest_filter=ThreadPoolTest.WorkerCount" "--gtest_also_run_disabled_tests"
Directory: /Users/neo/Documents/SLIIT/Projects/rav_player/build/tests/utilities
"ThreadPoolTest.WorkerCount" start time: Jul 04 10:51 +0530
Output:
----------------------------------------------------------
Running main() from gmock_main.cc
Note: Google Test filter = ThreadPoolTest.WorkerCount
[==========] Running 1 test from 1 test suite.
[----------] Global test environment set-up.
[----------] 1 test from ThreadPoolTest
[ RUN      ] ThreadPoolTest.WorkerCount
[       OK ] ThreadPoolTest.WorkerCount (0 ms)
[----------] 1 test from ThreadPoolTest (0 ms total)

[----------] Global test environment tear-down
[==========] 1 test from 1 test suite ran. (0 ms total)
[  PASSED  ] 1 test.
<end of output>
Test time =   0.02 sec
----------------------------------------------------------
Test Passed.
"ThreadPoolTest.WorkerCount" end time: Jul 04 10:51 +0530
"ThreadPoolTest.WorkerCount" time elapsed: 00:00:00
----------------------------------------------------------

28/197 Testing: ClockTest.InitiallyStopped
28/197 Test: ClockTest.InitiallyStopped
Command: "/Users/neo/Documents/SLIIT/Projects/rav_player/build/tests/utilities/utilities_tests" "--gtest_filter=ClockTest.InitiallyStopped" "--gtest_also_run_disabled_tests"
Directory: /Users/neo/Documents/SLIIT/Projects/rav_player/build/tests/utilities
"ClockTest.InitiallyStopped" start time: Jul 04 10:51 +0530
Output:
----------------------------------------------------------
Running main() from gmock_main.cc
Note: Google Test filter = ClockTest.InitiallyStopped
[==========] Running 1 test from 1 test suite.
[----------] Global test environment set-up.
[----------] 1 test from ClockTest
[ RUN      ] ClockTest.InitiallyStopped
[       OK ] ClockTest.InitiallyStopped (0 ms)
[----------] 1 test from ClockTest (0 ms total)

[----------] Global test environment tear-down
[==========] 1 test from 1 test suite ran. (0 ms total)
[  PASSED  ] 1 test.
<end of output>
Test time =   0.02 sec
----------------------------------------------------------
Test Passed.
"ClockTest.InitiallyStopped" end time: Jul 04 10:51 +0530
"ClockTest.InitiallyStopped" time elapsed: 00:00:00
----------------------------------------------------------

29/197 Testing: ClockTest.ElapsedIncreases
29/197 Test: ClockTest.ElapsedIncreases
Command: "/Users/neo/Documents/SLIIT/Projects/rav_player/build/tests/utilities/utilities_tests" "--gtest_filter=ClockTest.ElapsedIncreases" "--gtest_also_run_disabled_tests"
Directory: /Users/neo/Documents/SLIIT/Projects/rav_player/build/tests/utilities
"ClockTest.ElapsedIncreases" start time: Jul 04 10:51 +0530
Output:
----------------------------------------------------------
Running main() from gmock_main.cc
Note: Google Test filter = ClockTest.ElapsedIncreases
[==========] Running 1 test from 1 test suite.
[----------] Global test environment set-up.
[----------] 1 test from ClockTest
[ RUN      ] ClockTest.ElapsedIncreases
[       OK ] ClockTest.ElapsedIncreases (55 ms)
[----------] 1 test from ClockTest (55 ms total)

[----------] Global test environment tear-down
[==========] 1 test from 1 test suite ran. (55 ms total)
[  PASSED  ] 1 test.
<end of output>
Test time =   0.07 sec
----------------------------------------------------------
Test Passed.
"ClockTest.ElapsedIncreases" end time: Jul 04 10:51 +0530
"ClockTest.ElapsedIncreases" time elapsed: 00:00:00
----------------------------------------------------------

30/197 Testing: ClockTest.PauseAndResume
30/197 Test: ClockTest.PauseAndResume
Command: "/Users/neo/Documents/SLIIT/Projects/rav_player/build/tests/utilities/utilities_tests" "--gtest_filter=ClockTest.PauseAndResume" "--gtest_also_run_disabled_tests"
Directory: /Users/neo/Documents/SLIIT/Projects/rav_player/build/tests/utilities
"ClockTest.PauseAndResume" start time: Jul 04 10:51 +0530
Output:
----------------------------------------------------------
Running main() from gmock_main.cc
Note: Google Test filter = ClockTest.PauseAndResume
[==========] Running 1 test from 1 test suite.
[----------] Global test environment set-up.
[----------] 1 test from ClockTest
[ RUN      ] ClockTest.PauseAndResume
[       OK ] ClockTest.PauseAndResume (163 ms)
[----------] 1 test from ClockTest (163 ms total)

[----------] Global test environment tear-down
[==========] 1 test from 1 test suite ran. (163 ms total)
[  PASSED  ] 1 test.
<end of output>
Test time =   0.18 sec
----------------------------------------------------------
Test Passed.
"ClockTest.PauseAndResume" end time: Jul 04 10:51 +0530
"ClockTest.PauseAndResume" time elapsed: 00:00:00
----------------------------------------------------------

31/197 Testing: ClockTest.Reset
31/197 Test: ClockTest.Reset
Command: "/Users/neo/Documents/SLIIT/Projects/rav_player/build/tests/utilities/utilities_tests" "--gtest_filter=ClockTest.Reset" "--gtest_also_run_disabled_tests"
Directory: /Users/neo/Documents/SLIIT/Projects/rav_player/build/tests/utilities
"ClockTest.Reset" start time: Jul 04 10:51 +0530
Output:
----------------------------------------------------------
Running main() from gmock_main.cc
Note: Google Test filter = ClockTest.Reset
[==========] Running 1 test from 1 test suite.
[----------] Global test environment set-up.
[----------] 1 test from ClockTest
[ RUN      ] ClockTest.Reset
[       OK ] ClockTest.Reset (55 ms)
[----------] 1 test from ClockTest (55 ms total)

[----------] Global test environment tear-down
[==========] 1 test from 1 test suite ran. (55 ms total)
[  PASSED  ] 1 test.
<end of output>
Test time =   0.08 sec
----------------------------------------------------------
Test Passed.
"ClockTest.Reset" end time: Jul 04 10:51 +0530
"ClockTest.Reset" time elapsed: 00:00:00
----------------------------------------------------------

32/197 Testing: ClockTest.Set
32/197 Test: ClockTest.Set
Command: "/Users/neo/Documents/SLIIT/Projects/rav_player/build/tests/utilities/utilities_tests" "--gtest_filter=ClockTest.Set" "--gtest_also_run_disabled_tests"
Directory: /Users/neo/Documents/SLIIT/Projects/rav_player/build/tests/utilities
"ClockTest.Set" start time: Jul 04 10:51 +0530
Output:
----------------------------------------------------------
Running main() from gmock_main.cc
Note: Google Test filter = ClockTest.Set
[==========] Running 1 test from 1 test suite.
[----------] Global test environment set-up.
[----------] 1 test from ClockTest
[ RUN      ] ClockTest.Set
[       OK ] ClockTest.Set (0 ms)
[----------] 1 test from ClockTest (0 ms total)

[----------] Global test environment tear-down
[==========] 1 test from 1 test suite ran. (0 ms total)
[  PASSED  ] 1 test.
<end of output>
Test time =   0.02 sec
----------------------------------------------------------
Test Passed.
"ClockTest.Set" end time: Jul 04 10:51 +0530
"ClockTest.Set" time elapsed: 00:00:00
----------------------------------------------------------

33/197 Testing: ContainerReaderTest.OpenNonexistentFile
33/197 Test: ContainerReaderTest.OpenNonexistentFile
Command: "/Users/neo/Documents/SLIIT/Projects/rav_player/build/tests/ffmpeg/ffmpeg_tests" "--gtest_filter=ContainerReaderTest.OpenNonexistentFile" "--gtest_also_run_disabled_tests"
Directory: /Users/neo/Documents/SLIIT/Projects/rav_player/build/tests/ffmpeg
"ContainerReaderTest.OpenNonexistentFile" start time: Jul 04 10:51 +0530
Output:
----------------------------------------------------------
Running main() from gmock_main.cc
Note: Google Test filter = ContainerReaderTest.OpenNonexistentFile
[==========] Running 1 test from 1 test suite.
[----------] Global test environment set-up.
[----------] 1 test from ContainerReaderTest
[ RUN      ] ContainerReaderTest.OpenNonexistentFile
[       OK ] ContainerReaderTest.OpenNonexistentFile (1 ms)
[----------] 1 test from ContainerReaderTest (1 ms total)

[----------] Global test environment tear-down
[==========] 1 test from 1 test suite ran. (1 ms total)
[  PASSED  ] 1 test.
<end of output>
Test time =   0.02 sec
----------------------------------------------------------
Test Passed.
"ContainerReaderTest.OpenNonexistentFile" end time: Jul 04 10:51 +0530
"ContainerReaderTest.OpenNonexistentFile" time elapsed: 00:00:00
----------------------------------------------------------

34/197 Testing: ContainerReaderTest.DefaultInfo
34/197 Test: ContainerReaderTest.DefaultInfo
Command: "/Users/neo/Documents/SLIIT/Projects/rav_player/build/tests/ffmpeg/ffmpeg_tests" "--gtest_filter=ContainerReaderTest.DefaultInfo" "--gtest_also_run_disabled_tests"
Directory: /Users/neo/Documents/SLIIT/Projects/rav_player/build/tests/ffmpeg
"ContainerReaderTest.DefaultInfo" start time: Jul 04 10:51 +0530
Output:
----------------------------------------------------------
Running main() from gmock_main.cc
Note: Google Test filter = ContainerReaderTest.DefaultInfo
[==========] Running 1 test from 1 test suite.
[----------] Global test environment set-up.
[----------] 1 test from ContainerReaderTest
[ RUN      ] ContainerReaderTest.DefaultInfo
[       OK ] ContainerReaderTest.DefaultInfo (0 ms)
[----------] 1 test from ContainerReaderTest (0 ms total)

[----------] Global test environment tear-down
[==========] 1 test from 1 test suite ran. (0 ms total)
[  PASSED  ] 1 test.
<end of output>
Test time =   0.02 sec
----------------------------------------------------------
Test Passed.
"ContainerReaderTest.DefaultInfo" end time: Jul 04 10:51 +0530
"ContainerReaderTest.DefaultInfo" time elapsed: 00:00:00
----------------------------------------------------------

35/197 Testing: ContainerReaderTest.CodecDiscoveryFindDecoder
35/197 Test: ContainerReaderTest.CodecDiscoveryFindDecoder
Command: "/Users/neo/Documents/SLIIT/Projects/rav_player/build/tests/ffmpeg/ffmpeg_tests" "--gtest_filter=ContainerReaderTest.CodecDiscoveryFindDecoder" "--gtest_also_run_disabled_tests"
Directory: /Users/neo/Documents/SLIIT/Projects/rav_player/build/tests/ffmpeg
"ContainerReaderTest.CodecDiscoveryFindDecoder" start time: Jul 04 10:51 +0530
Output:
----------------------------------------------------------
Running main() from gmock_main.cc
Note: Google Test filter = ContainerReaderTest.CodecDiscoveryFindDecoder
[==========] Running 1 test from 1 test suite.
[----------] Global test environment set-up.
[----------] 1 test from ContainerReaderTest
[ RUN      ] ContainerReaderTest.CodecDiscoveryFindDecoder
[       OK ] ContainerReaderTest.CodecDiscoveryFindDecoder (1 ms)
[----------] 1 test from ContainerReaderTest (1 ms total)

[----------] Global test environment tear-down
[==========] 1 test from 1 test suite ran. (1 ms total)
[  PASSED  ] 1 test.
<end of output>
Test time =   0.02 sec
----------------------------------------------------------
Test Passed.
"ContainerReaderTest.CodecDiscoveryFindDecoder" end time: Jul 04 10:51 +0530
"ContainerReaderTest.CodecDiscoveryFindDecoder" time elapsed: 00:00:00
----------------------------------------------------------

36/197 Testing: ContainerReaderTest.CodecDiscoveryFindDecoderByName
36/197 Test: ContainerReaderTest.CodecDiscoveryFindDecoderByName
Command: "/Users/neo/Documents/SLIIT/Projects/rav_player/build/tests/ffmpeg/ffmpeg_tests" "--gtest_filter=ContainerReaderTest.CodecDiscoveryFindDecoderByName" "--gtest_also_run_disabled_tests"
Directory: /Users/neo/Documents/SLIIT/Projects/rav_player/build/tests/ffmpeg
"ContainerReaderTest.CodecDiscoveryFindDecoderByName" start time: Jul 04 10:51 +0530
Output:
----------------------------------------------------------
Running main() from gmock_main.cc
Note: Google Test filter = ContainerReaderTest.CodecDiscoveryFindDecoderByName
[==========] Running 1 test from 1 test suite.
[----------] Global test environment set-up.
[----------] 1 test from ContainerReaderTest
[ RUN      ] ContainerReaderTest.CodecDiscoveryFindDecoderByName
[       OK ] ContainerReaderTest.CodecDiscoveryFindDecoderByName (0 ms)
[----------] 1 test from ContainerReaderTest (0 ms total)

[----------] Global test environment tear-down
[==========] 1 test from 1 test suite ran. (0 ms total)
[  PASSED  ] 1 test.
<end of output>
Test time =   0.02 sec
----------------------------------------------------------
Test Passed.
"ContainerReaderTest.CodecDiscoveryFindDecoderByName" end time: Jul 04 10:51 +0530
"ContainerReaderTest.CodecDiscoveryFindDecoderByName" time elapsed: 00:00:00
----------------------------------------------------------

37/197 Testing: ContainerReaderTest.CodecDiscoveryDescribeCodec
37/197 Test: ContainerReaderTest.CodecDiscoveryDescribeCodec
Command: "/Users/neo/Documents/SLIIT/Projects/rav_player/build/tests/ffmpeg/ffmpeg_tests" "--gtest_filter=ContainerReaderTest.CodecDiscoveryDescribeCodec" "--gtest_also_run_disabled_tests"
Directory: /Users/neo/Documents/SLIIT/Projects/rav_player/build/tests/ffmpeg
"ContainerReaderTest.CodecDiscoveryDescribeCodec" start time: Jul 04 10:51 +0530
Output:
----------------------------------------------------------
Running main() from gmock_main.cc
Note: Google Test filter = ContainerReaderTest.CodecDiscoveryDescribeCodec
[==========] Running 1 test from 1 test suite.
[----------] Global test environment set-up.
[----------] 1 test from ContainerReaderTest
[ RUN      ] ContainerReaderTest.CodecDiscoveryDescribeCodec
[       OK ] ContainerReaderTest.CodecDiscoveryDescribeCodec (0 ms)
[----------] 1 test from ContainerReaderTest (0 ms total)

[----------] Global test environment tear-down
[==========] 1 test from 1 test suite ran. (0 ms total)
[  PASSED  ] 1 test.
<end of output>
Test time =   0.02 sec
----------------------------------------------------------
Test Passed.
"ContainerReaderTest.CodecDiscoveryDescribeCodec" end time: Jul 04 10:51 +0530
"ContainerReaderTest.CodecDiscoveryDescribeCodec" time elapsed: 00:00:00
----------------------------------------------------------

38/197 Testing: ContainerReaderTest.PacketGeneratorFromReader
38/197 Test: ContainerReaderTest.PacketGeneratorFromReader
Command: "/Users/neo/Documents/SLIIT/Projects/rav_player/build/tests/ffmpeg/ffmpeg_tests" "--gtest_filter=ContainerReaderTest.PacketGeneratorFromReader" "--gtest_also_run_disabled_tests"
Directory: /Users/neo/Documents/SLIIT/Projects/rav_player/build/tests/ffmpeg
"ContainerReaderTest.PacketGeneratorFromReader" start time: Jul 04 10:51 +0530
Output:
----------------------------------------------------------
Running main() from gmock_main.cc
Note: Google Test filter = ContainerReaderTest.PacketGeneratorFromReader
[==========] Running 1 test from 1 test suite.
[----------] Global test environment set-up.
[----------] 1 test from ContainerReaderTest
[ RUN      ] ContainerReaderTest.PacketGeneratorFromReader
[       OK ] ContainerReaderTest.PacketGeneratorFromReader (0 ms)
[----------] 1 test from ContainerReaderTest (0 ms total)

[----------] Global test environment tear-down
[==========] 1 test from 1 test suite ran. (0 ms total)
[  PASSED  ] 1 test.
<end of output>
Test time =   0.02 sec
----------------------------------------------------------
Test Passed.
"ContainerReaderTest.PacketGeneratorFromReader" end time: Jul 04 10:51 +0530
"ContainerReaderTest.PacketGeneratorFromReader" time elapsed: 00:00:00
----------------------------------------------------------

39/197 Testing: CodecDiscoveryTest.FindH264Decoder
39/197 Test: CodecDiscoveryTest.FindH264Decoder
Command: "/Users/neo/Documents/SLIIT/Projects/rav_player/build/tests/ffmpeg/ffmpeg_tests" "--gtest_filter=CodecDiscoveryTest.FindH264Decoder" "--gtest_also_run_disabled_tests"
Directory: /Users/neo/Documents/SLIIT/Projects/rav_player/build/tests/ffmpeg
"CodecDiscoveryTest.FindH264Decoder" start time: Jul 04 10:51 +0530
Output:
----------------------------------------------------------
Running main() from gmock_main.cc
Note: Google Test filter = CodecDiscoveryTest.FindH264Decoder
[==========] Running 1 test from 1 test suite.
[----------] Global test environment set-up.
[----------] 1 test from CodecDiscoveryTest
[ RUN      ] CodecDiscoveryTest.FindH264Decoder
[       OK ] CodecDiscoveryTest.FindH264Decoder (0 ms)
[----------] 1 test from CodecDiscoveryTest (0 ms total)

[----------] Global test environment tear-down
[==========] 1 test from 1 test suite ran. (0 ms total)
[  PASSED  ] 1 test.
<end of output>
Test time =   0.02 sec
----------------------------------------------------------
Test Passed.
"CodecDiscoveryTest.FindH264Decoder" end time: Jul 04 10:51 +0530
"CodecDiscoveryTest.FindH264Decoder" time elapsed: 00:00:00
----------------------------------------------------------

40/197 Testing: CodecDiscoveryTest.FindAACDecoder
40/197 Test: CodecDiscoveryTest.FindAACDecoder
Command: "/Users/neo/Documents/SLIIT/Projects/rav_player/build/tests/ffmpeg/ffmpeg_tests" "--gtest_filter=CodecDiscoveryTest.FindAACDecoder" "--gtest_also_run_disabled_tests"
Directory: /Users/neo/Documents/SLIIT/Projects/rav_player/build/tests/ffmpeg
"CodecDiscoveryTest.FindAACDecoder" start time: Jul 04 10:51 +0530
Output:
----------------------------------------------------------
Running main() from gmock_main.cc
Note: Google Test filter = CodecDiscoveryTest.FindAACDecoder
[==========] Running 1 test from 1 test suite.
[----------] Global test environment set-up.
[----------] 1 test from CodecDiscoveryTest
[ RUN      ] CodecDiscoveryTest.FindAACDecoder
[       OK ] CodecDiscoveryTest.FindAACDecoder (0 ms)
[----------] 1 test from CodecDiscoveryTest (0 ms total)

[----------] Global test environment tear-down
[==========] 1 test from 1 test suite ran. (0 ms total)
[  PASSED  ] 1 test.
<end of output>
Test time =   0.02 sec
----------------------------------------------------------
Test Passed.
"CodecDiscoveryTest.FindAACDecoder" end time: Jul 04 10:51 +0530
"CodecDiscoveryTest.FindAACDecoder" time elapsed: 00:00:00
----------------------------------------------------------

41/197 Testing: CodecDiscoveryTest.FindNonexistentDecoder
41/197 Test: CodecDiscoveryTest.FindNonexistentDecoder
Command: "/Users/neo/Documents/SLIIT/Projects/rav_player/build/tests/ffmpeg/ffmpeg_tests" "--gtest_filter=CodecDiscoveryTest.FindNonexistentDecoder" "--gtest_also_run_disabled_tests"
Directory: /Users/neo/Documents/SLIIT/Projects/rav_player/build/tests/ffmpeg
"CodecDiscoveryTest.FindNonexistentDecoder" start time: Jul 04 10:51 +0530
Output:
----------------------------------------------------------
Running main() from gmock_main.cc
Note: Google Test filter = CodecDiscoveryTest.FindNonexistentDecoder
[==========] Running 1 test from 1 test suite.
[----------] Global test environment set-up.
[----------] 1 test from CodecDiscoveryTest
[ RUN      ] CodecDiscoveryTest.FindNonexistentDecoder
[       OK ] CodecDiscoveryTest.FindNonexistentDecoder (0 ms)
[----------] 1 test from CodecDiscoveryTest (0 ms total)

[----------] Global test environment tear-down
[==========] 1 test from 1 test suite ran. (0 ms total)
[  PASSED  ] 1 test.
<end of output>
Test time =   0.02 sec
----------------------------------------------------------
Test Passed.
"CodecDiscoveryTest.FindNonexistentDecoder" end time: Jul 04 10:51 +0530
"CodecDiscoveryTest.FindNonexistentDecoder" time elapsed: 00:00:00
----------------------------------------------------------

42/197 Testing: CodecDiscoveryTest.DescribeNullCodec
42/197 Test: CodecDiscoveryTest.DescribeNullCodec
Command: "/Users/neo/Documents/SLIIT/Projects/rav_player/build/tests/ffmpeg/ffmpeg_tests" "--gtest_filter=CodecDiscoveryTest.DescribeNullCodec" "--gtest_also_run_disabled_tests"
Directory: /Users/neo/Documents/SLIIT/Projects/rav_player/build/tests/ffmpeg
"CodecDiscoveryTest.DescribeNullCodec" start time: Jul 04 10:51 +0530
Output:
----------------------------------------------------------
Running main() from gmock_main.cc
Note: Google Test filter = CodecDiscoveryTest.DescribeNullCodec
[==========] Running 1 test from 1 test suite.
[----------] Global test environment set-up.
[----------] 1 test from CodecDiscoveryTest
[ RUN      ] CodecDiscoveryTest.DescribeNullCodec
[       OK ] CodecDiscoveryTest.DescribeNullCodec (0 ms)
[----------] 1 test from CodecDiscoveryTest (0 ms total)

[----------] Global test environment tear-down
[==========] 1 test from 1 test suite ran. (0 ms total)
[  PASSED  ] 1 test.
<end of output>
Test time =   0.02 sec
----------------------------------------------------------
Test Passed.
"CodecDiscoveryTest.DescribeNullCodec" end time: Jul 04 10:51 +0530
"CodecDiscoveryTest.DescribeNullCodec" time elapsed: 00:00:00
----------------------------------------------------------

43/197 Testing: LocalFileSourceTest.OpenNonexistentFile
43/197 Test: LocalFileSourceTest.OpenNonexistentFile
Command: "/Users/neo/Documents/SLIIT/Projects/rav_player/build/tests/media/media_tests" "--gtest_filter=LocalFileSourceTest.OpenNonexistentFile" "--gtest_also_run_disabled_tests"
Directory: /Users/neo/Documents/SLIIT/Projects/rav_player/build/tests/media
"LocalFileSourceTest.OpenNonexistentFile" start time: Jul 04 10:51 +0530
Output:
----------------------------------------------------------
Running main() from gmock_main.cc
Note: Google Test filter = LocalFileSourceTest.OpenNonexistentFile
[==========] Running 1 test from 1 test suite.
[----------] Global test environment set-up.
[----------] 1 test from LocalFileSourceTest
[ RUN      ] LocalFileSourceTest.OpenNonexistentFile
[       OK ] LocalFileSourceTest.OpenNonexistentFile (0 ms)
[----------] 1 test from LocalFileSourceTest (0 ms total)

[----------] Global test environment tear-down
[==========] 1 test from 1 test suite ran. (0 ms total)
[  PASSED  ] 1 test.
<end of output>
Test time =   0.02 sec
----------------------------------------------------------
Test Passed.
"LocalFileSourceTest.OpenNonexistentFile" end time: Jul 04 10:51 +0530
"LocalFileSourceTest.OpenNonexistentFile" time elapsed: 00:00:00
----------------------------------------------------------

44/197 Testing: LocalFileSourceTest.TypeIsLocalFile
44/197 Test: LocalFileSourceTest.TypeIsLocalFile
Command: "/Users/neo/Documents/SLIIT/Projects/rav_player/build/tests/media/media_tests" "--gtest_filter=LocalFileSourceTest.TypeIsLocalFile" "--gtest_also_run_disabled_tests"
Directory: /Users/neo/Documents/SLIIT/Projects/rav_player/build/tests/media
"LocalFileSourceTest.TypeIsLocalFile" start time: Jul 04 10:51 +0530
Output:
----------------------------------------------------------
Running main() from gmock_main.cc
Note: Google Test filter = LocalFileSourceTest.TypeIsLocalFile
[==========] Running 1 test from 1 test suite.
[----------] Global test environment set-up.
[----------] 1 test from LocalFileSourceTest
[ RUN      ] LocalFileSourceTest.TypeIsLocalFile
[       OK ] LocalFileSourceTest.TypeIsLocalFile (0 ms)
[----------] 1 test from LocalFileSourceTest (0 ms total)

[----------] Global test environment tear-down
[==========] 1 test from 1 test suite ran. (0 ms total)
[  PASSED  ] 1 test.
<end of output>
Test time =   0.02 sec
----------------------------------------------------------
Test Passed.
"LocalFileSourceTest.TypeIsLocalFile" end time: Jul 04 10:51 +0530
"LocalFileSourceTest.TypeIsLocalFile" time elapsed: 00:00:00
----------------------------------------------------------

45/197 Testing: LocalFileSourceTest.UrlReturnsPath
45/197 Test: LocalFileSourceTest.UrlReturnsPath
Command: "/Users/neo/Documents/SLIIT/Projects/rav_player/build/tests/media/media_tests" "--gtest_filter=LocalFileSourceTest.UrlReturnsPath" "--gtest_also_run_disabled_tests"
Directory: /Users/neo/Documents/SLIIT/Projects/rav_player/build/tests/media
"LocalFileSourceTest.UrlReturnsPath" start time: Jul 04 10:51 +0530
Output:
----------------------------------------------------------
Running main() from gmock_main.cc
Note: Google Test filter = LocalFileSourceTest.UrlReturnsPath
[==========] Running 1 test from 1 test suite.
[----------] Global test environment set-up.
[----------] 1 test from LocalFileSourceTest
[ RUN      ] LocalFileSourceTest.UrlReturnsPath
[       OK ] LocalFileSourceTest.UrlReturnsPath (0 ms)
[----------] 1 test from LocalFileSourceTest (0 ms total)

[----------] Global test environment tear-down
[==========] 1 test from 1 test suite ran. (0 ms total)
[  PASSED  ] 1 test.
<end of output>
Test time =   0.02 sec
----------------------------------------------------------
Test Passed.
"LocalFileSourceTest.UrlReturnsPath" end time: Jul 04 10:51 +0530
"LocalFileSourceTest.UrlReturnsPath" time elapsed: 00:00:00
----------------------------------------------------------

46/197 Testing: LocalFileSourceTest.Close
46/197 Test: LocalFileSourceTest.Close
Command: "/Users/neo/Documents/SLIIT/Projects/rav_player/build/tests/media/media_tests" "--gtest_filter=LocalFileSourceTest.Close" "--gtest_also_run_disabled_tests"
Directory: /Users/neo/Documents/SLIIT/Projects/rav_player/build/tests/media
"LocalFileSourceTest.Close" start time: Jul 04 10:51 +0530
Output:
----------------------------------------------------------
Running main() from gmock_main.cc
Note: Google Test filter = LocalFileSourceTest.Close
[==========] Running 1 test from 1 test suite.
[----------] Global test environment set-up.
[----------] 1 test from LocalFileSourceTest
[ RUN      ] LocalFileSourceTest.Close
[       OK ] LocalFileSourceTest.Close (0 ms)
[----------] 1 test from LocalFileSourceTest (0 ms total)

[----------] Global test environment tear-down
[==========] 1 test from 1 test suite ran. (0 ms total)
[  PASSED  ] 1 test.
<end of output>
Test time =   0.02 sec
----------------------------------------------------------
Test Passed.
"LocalFileSourceTest.Close" end time: Jul 04 10:51 +0530
"LocalFileSourceTest.Close" time elapsed: 00:00:00
----------------------------------------------------------

47/197 Testing: StreamSourceTest.HttpSource
47/197 Test: StreamSourceTest.HttpSource
Command: "/Users/neo/Documents/SLIIT/Projects/rav_player/build/tests/media/media_tests" "--gtest_filter=StreamSourceTest.HttpSource" "--gtest_also_run_disabled_tests"
Directory: /Users/neo/Documents/SLIIT/Projects/rav_player/build/tests/media
"StreamSourceTest.HttpSource" start time: Jul 04 10:51 +0530
Output:
----------------------------------------------------------
Running main() from gmock_main.cc
Note: Google Test filter = StreamSourceTest.HttpSource
[==========] Running 1 test from 1 test suite.
[----------] Global test environment set-up.
[----------] 1 test from StreamSourceTest
[ RUN      ] StreamSourceTest.HttpSource
[       OK ] StreamSourceTest.HttpSource (0 ms)
[----------] 1 test from StreamSourceTest (0 ms total)

[----------] Global test environment tear-down
[==========] 1 test from 1 test suite ran. (0 ms total)
[  PASSED  ] 1 test.
<end of output>
Test time =   0.02 sec
----------------------------------------------------------
Test Passed.
"StreamSourceTest.HttpSource" end time: Jul 04 10:51 +0530
"StreamSourceTest.HttpSource" time elapsed: 00:00:00
----------------------------------------------------------

48/197 Testing: StreamSourceTest.HttpsSource
48/197 Test: StreamSourceTest.HttpsSource
Command: "/Users/neo/Documents/SLIIT/Projects/rav_player/build/tests/media/media_tests" "--gtest_filter=StreamSourceTest.HttpsSource" "--gtest_also_run_disabled_tests"
Directory: /Users/neo/Documents/SLIIT/Projects/rav_player/build/tests/media
"StreamSourceTest.HttpsSource" start time: Jul 04 10:51 +0530
Output:
----------------------------------------------------------
Running main() from gmock_main.cc
Note: Google Test filter = StreamSourceTest.HttpsSource
[==========] Running 1 test from 1 test suite.
[----------] Global test environment set-up.
[----------] 1 test from StreamSourceTest
[ RUN      ] StreamSourceTest.HttpsSource
[       OK ] StreamSourceTest.HttpsSource (0 ms)
[----------] 1 test from StreamSourceTest (0 ms total)

[----------] Global test environment tear-down
[==========] 1 test from 1 test suite ran. (0 ms total)
[  PASSED  ] 1 test.
<end of output>
Test time =   0.02 sec
----------------------------------------------------------
Test Passed.
"StreamSourceTest.HttpsSource" end time: Jul 04 10:51 +0530
"StreamSourceTest.HttpsSource" time elapsed: 00:00:00
----------------------------------------------------------

49/197 Testing: StreamSourceTest.DetectType
49/197 Test: StreamSourceTest.DetectType
Command: "/Users/neo/Documents/SLIIT/Projects/rav_player/build/tests/media/media_tests" "--gtest_filter=StreamSourceTest.DetectType" "--gtest_also_run_disabled_tests"
Directory: /Users/neo/Documents/SLIIT/Projects/rav_player/build/tests/media
"StreamSourceTest.DetectType" start time: Jul 04 10:51 +0530
Output:
----------------------------------------------------------
Running main() from gmock_main.cc
Note: Google Test filter = StreamSourceTest.DetectType
[==========] Running 1 test from 1 test suite.
[----------] Global test environment set-up.
[----------] 1 test from StreamSourceTest
[ RUN      ] StreamSourceTest.DetectType
[       OK ] StreamSourceTest.DetectType (0 ms)
[----------] 1 test from StreamSourceTest (0 ms total)

[----------] Global test environment tear-down
[==========] 1 test from 1 test suite ran. (0 ms total)
[  PASSED  ] 1 test.
<end of output>
Test time =   0.02 sec
----------------------------------------------------------
Test Passed.
"StreamSourceTest.DetectType" end time: Jul 04 10:51 +0530
"StreamSourceTest.DetectType" time elapsed: 00:00:00
----------------------------------------------------------

50/197 Testing: StreamSourceTest.Close
50/197 Test: StreamSourceTest.Close
Command: "/Users/neo/Documents/SLIIT/Projects/rav_player/build/tests/media/media_tests" "--gtest_filter=StreamSourceTest.Close" "--gtest_also_run_disabled_tests"
Directory: /Users/neo/Documents/SLIIT/Projects/rav_player/build/tests/media
"StreamSourceTest.Close" start time: Jul 04 10:51 +0530
Output:
----------------------------------------------------------
Running main() from gmock_main.cc
Note: Google Test filter = StreamSourceTest.Close
[==========] Running 1 test from 1 test suite.
[----------] Global test environment set-up.
[----------] 1 test from StreamSourceTest
[ RUN      ] StreamSourceTest.Close
[       OK ] StreamSourceTest.Close (0 ms)
[----------] 1 test from StreamSourceTest (0 ms total)

[----------] Global test environment tear-down
[==========] 1 test from 1 test suite ran. (0 ms total)
[  PASSED  ] 1 test.
<end of output>
Test time =   0.02 sec
----------------------------------------------------------
Test Passed.
"StreamSourceTest.Close" end time: Jul 04 10:51 +0530
"StreamSourceTest.Close" time elapsed: 00:00:00
----------------------------------------------------------

51/197 Testing: VideoDecoderTest.CreateAndDestroy
51/197 Test: VideoDecoderTest.CreateAndDestroy
Command: "/Users/neo/Documents/SLIIT/Projects/rav_player/build/tests/decoder/decoder_tests" "--gtest_filter=VideoDecoderTest.CreateAndDestroy" "--gtest_also_run_disabled_tests"
Directory: /Users/neo/Documents/SLIIT/Projects/rav_player/build/tests/decoder
"VideoDecoderTest.CreateAndDestroy" start time: Jul 04 10:51 +0530
Output:
----------------------------------------------------------
Running main() from gmock_main.cc
Note: Google Test filter = VideoDecoderTest.CreateAndDestroy
[==========] Running 1 test from 1 test suite.
[----------] Global test environment set-up.
[----------] 1 test from VideoDecoderTest
[ RUN      ] VideoDecoderTest.CreateAndDestroy
[       OK ] VideoDecoderTest.CreateAndDestroy (0 ms)
[----------] 1 test from VideoDecoderTest (0 ms total)

[----------] Global test environment tear-down
[==========] 1 test from 1 test suite ran. (0 ms total)
[  PASSED  ] 1 test.
<end of output>
Test time =   0.02 sec
----------------------------------------------------------
Test Passed.
"VideoDecoderTest.CreateAndDestroy" end time: Jul 04 10:51 +0530
"VideoDecoderTest.CreateAndDestroy" time elapsed: 00:00:00
----------------------------------------------------------

52/197 Testing: VideoDecoderTest.OpenWithNullCodecpar
52/197 Test: VideoDecoderTest.OpenWithNullCodecpar
Command: "/Users/neo/Documents/SLIIT/Projects/rav_player/build/tests/decoder/decoder_tests" "--gtest_filter=VideoDecoderTest.OpenWithNullCodecpar" "--gtest_also_run_disabled_tests"
Directory: /Users/neo/Documents/SLIIT/Projects/rav_player/build/tests/decoder
"VideoDecoderTest.OpenWithNullCodecpar" start time: Jul 04 10:51 +0530
Output:
----------------------------------------------------------
Running main() from gmock_main.cc
Note: Google Test filter = VideoDecoderTest.OpenWithNullCodecpar
[==========] Running 1 test from 1 test suite.
[----------] Global test environment set-up.
[----------] 1 test from VideoDecoderTest
[ RUN      ] VideoDecoderTest.OpenWithNullCodecpar
[       OK ] VideoDecoderTest.OpenWithNullCodecpar (0 ms)
[----------] 1 test from VideoDecoderTest (0 ms total)

[----------] Global test environment tear-down
[==========] 1 test from 1 test suite ran. (0 ms total)
[  PASSED  ] 1 test.
<end of output>
Test time =   0.02 sec
----------------------------------------------------------
Test Passed.
"VideoDecoderTest.OpenWithNullCodecpar" end time: Jul 04 10:51 +0530
"VideoDecoderTest.OpenWithNullCodecpar" time elapsed: 00:00:00
----------------------------------------------------------

53/197 Testing: VideoDecoderTest.OpenWithNonexistentCodec
53/197 Test: VideoDecoderTest.OpenWithNonexistentCodec
Command: "/Users/neo/Documents/SLIIT/Projects/rav_player/build/tests/decoder/decoder_tests" "--gtest_filter=VideoDecoderTest.OpenWithNonexistentCodec" "--gtest_also_run_disabled_tests"
Directory: /Users/neo/Documents/SLIIT/Projects/rav_player/build/tests/decoder
"VideoDecoderTest.OpenWithNonexistentCodec" start time: Jul 04 10:51 +0530
Output:
----------------------------------------------------------
Running main() from gmock_main.cc
Note: Google Test filter = VideoDecoderTest.OpenWithNonexistentCodec
[==========] Running 1 test from 1 test suite.
[----------] Global test environment set-up.
[----------] 1 test from VideoDecoderTest
[ RUN      ] VideoDecoderTest.OpenWithNonexistentCodec
[       OK ] VideoDecoderTest.OpenWithNonexistentCodec (0 ms)
[----------] 1 test from VideoDecoderTest (0 ms total)

[----------] Global test environment tear-down
[==========] 1 test from 1 test suite ran. (0 ms total)
[  PASSED  ] 1 test.
<end of output>
Test time =   0.02 sec
----------------------------------------------------------
Test Passed.
"VideoDecoderTest.OpenWithNonexistentCodec" end time: Jul 04 10:51 +0530
"VideoDecoderTest.OpenWithNonexistentCodec" time elapsed: 00:00:00
----------------------------------------------------------

54/197 Testing: VideoDecoderTest.GetDimensionsWhenClosed
54/197 Test: VideoDecoderTest.GetDimensionsWhenClosed
Command: "/Users/neo/Documents/SLIIT/Projects/rav_player/build/tests/decoder/decoder_tests" "--gtest_filter=VideoDecoderTest.GetDimensionsWhenClosed" "--gtest_also_run_disabled_tests"
Directory: /Users/neo/Documents/SLIIT/Projects/rav_player/build/tests/decoder
"VideoDecoderTest.GetDimensionsWhenClosed" start time: Jul 04 10:51 +0530
Output:
----------------------------------------------------------
Running main() from gmock_main.cc
Note: Google Test filter = VideoDecoderTest.GetDimensionsWhenClosed
[==========] Running 1 test from 1 test suite.
[----------] Global test environment set-up.
[----------] 1 test from VideoDecoderTest
[ RUN      ] VideoDecoderTest.GetDimensionsWhenClosed
[       OK ] VideoDecoderTest.GetDimensionsWhenClosed (0 ms)
[----------] 1 test from VideoDecoderTest (0 ms total)

[----------] Global test environment tear-down
[==========] 1 test from 1 test suite ran. (0 ms total)
[  PASSED  ] 1 test.
<end of output>
Test time =   0.02 sec
----------------------------------------------------------
Test Passed.
"VideoDecoderTest.GetDimensionsWhenClosed" end time: Jul 04 10:51 +0530
"VideoDecoderTest.GetDimensionsWhenClosed" time elapsed: 00:00:00
----------------------------------------------------------

55/197 Testing: VideoDecoderTest.PixelFormatWhenClosed
55/197 Test: VideoDecoderTest.PixelFormatWhenClosed
Command: "/Users/neo/Documents/SLIIT/Projects/rav_player/build/tests/decoder/decoder_tests" "--gtest_filter=VideoDecoderTest.PixelFormatWhenClosed" "--gtest_also_run_disabled_tests"
Directory: /Users/neo/Documents/SLIIT/Projects/rav_player/build/tests/decoder
"VideoDecoderTest.PixelFormatWhenClosed" start time: Jul 04 10:51 +0530
Output:
----------------------------------------------------------
Running main() from gmock_main.cc
Note: Google Test filter = VideoDecoderTest.PixelFormatWhenClosed
[==========] Running 1 test from 1 test suite.
[----------] Global test environment set-up.
[----------] 1 test from VideoDecoderTest
[ RUN      ] VideoDecoderTest.PixelFormatWhenClosed
[       OK ] VideoDecoderTest.PixelFormatWhenClosed (0 ms)
[----------] 1 test from VideoDecoderTest (0 ms total)

[----------] Global test environment tear-down
[==========] 1 test from 1 test suite ran. (0 ms total)
[  PASSED  ] 1 test.
<end of output>
Test time =   0.02 sec
----------------------------------------------------------
Test Passed.
"VideoDecoderTest.PixelFormatWhenClosed" end time: Jul 04 10:51 +0530
"VideoDecoderTest.PixelFormatWhenClosed" time elapsed: 00:00:00
----------------------------------------------------------

56/197 Testing: AudioDecoderTest.CreateAndDestroy
56/197 Test: AudioDecoderTest.CreateAndDestroy
Command: "/Users/neo/Documents/SLIIT/Projects/rav_player/build/tests/decoder/decoder_tests" "--gtest_filter=AudioDecoderTest.CreateAndDestroy" "--gtest_also_run_disabled_tests"
Directory: /Users/neo/Documents/SLIIT/Projects/rav_player/build/tests/decoder
"AudioDecoderTest.CreateAndDestroy" start time: Jul 04 10:51 +0530
Output:
----------------------------------------------------------
Running main() from gmock_main.cc
Note: Google Test filter = AudioDecoderTest.CreateAndDestroy
[==========] Running 1 test from 1 test suite.
[----------] Global test environment set-up.
[----------] 1 test from AudioDecoderTest
[ RUN      ] AudioDecoderTest.CreateAndDestroy
[       OK ] AudioDecoderTest.CreateAndDestroy (0 ms)
[----------] 1 test from AudioDecoderTest (0 ms total)

[----------] Global test environment tear-down
[==========] 1 test from 1 test suite ran. (0 ms total)
[  PASSED  ] 1 test.
<end of output>
Test time =   0.02 sec
----------------------------------------------------------
Test Passed.
"AudioDecoderTest.CreateAndDestroy" end time: Jul 04 10:51 +0530
"AudioDecoderTest.CreateAndDestroy" time elapsed: 00:00:00
----------------------------------------------------------

57/197 Testing: AudioDecoderTest.OpenWithNullCodecpar
57/197 Test: AudioDecoderTest.OpenWithNullCodecpar
Command: "/Users/neo/Documents/SLIIT/Projects/rav_player/build/tests/decoder/decoder_tests" "--gtest_filter=AudioDecoderTest.OpenWithNullCodecpar" "--gtest_also_run_disabled_tests"
Directory: /Users/neo/Documents/SLIIT/Projects/rav_player/build/tests/decoder
"AudioDecoderTest.OpenWithNullCodecpar" start time: Jul 04 10:51 +0530
Output:
----------------------------------------------------------
Running main() from gmock_main.cc
Note: Google Test filter = AudioDecoderTest.OpenWithNullCodecpar
[==========] Running 1 test from 1 test suite.
[----------] Global test environment set-up.
[----------] 1 test from AudioDecoderTest
[ RUN      ] AudioDecoderTest.OpenWithNullCodecpar
[       OK ] AudioDecoderTest.OpenWithNullCodecpar (0 ms)
[----------] 1 test from AudioDecoderTest (0 ms total)

[----------] Global test environment tear-down
[==========] 1 test from 1 test suite ran. (0 ms total)
[  PASSED  ] 1 test.
<end of output>
Test time =   0.02 sec
----------------------------------------------------------
Test Passed.
"AudioDecoderTest.OpenWithNullCodecpar" end time: Jul 04 10:51 +0530
"AudioDecoderTest.OpenWithNullCodecpar" time elapsed: 00:00:00
----------------------------------------------------------

58/197 Testing: AudioDecoderTest.SampleRateWhenClosed
58/197 Test: AudioDecoderTest.SampleRateWhenClosed
Command: "/Users/neo/Documents/SLIIT/Projects/rav_player/build/tests/decoder/decoder_tests" "--gtest_filter=AudioDecoderTest.SampleRateWhenClosed" "--gtest_also_run_disabled_tests"
Directory: /Users/neo/Documents/SLIIT/Projects/rav_player/build/tests/decoder
"AudioDecoderTest.SampleRateWhenClosed" start time: Jul 04 10:51 +0530
Output:
----------------------------------------------------------
Running main() from gmock_main.cc
Note: Google Test filter = AudioDecoderTest.SampleRateWhenClosed
[==========] Running 1 test from 1 test suite.
[----------] Global test environment set-up.
[----------] 1 test from AudioDecoderTest
[ RUN      ] AudioDecoderTest.SampleRateWhenClosed
[       OK ] AudioDecoderTest.SampleRateWhenClosed (0 ms)
[----------] 1 test from AudioDecoderTest (0 ms total)

[----------] Global test environment tear-down
[==========] 1 test from 1 test suite ran. (0 ms total)
[  PASSED  ] 1 test.
<end of output>
Test time =   0.02 sec
----------------------------------------------------------
Test Passed.
"AudioDecoderTest.SampleRateWhenClosed" end time: Jul 04 10:51 +0530
"AudioDecoderTest.SampleRateWhenClosed" time elapsed: 00:00:00
----------------------------------------------------------

59/197 Testing: AudioDecoderTest.SampleFormatWhenClosed
59/197 Test: AudioDecoderTest.SampleFormatWhenClosed
Command: "/Users/neo/Documents/SLIIT/Projects/rav_player/build/tests/decoder/decoder_tests" "--gtest_filter=AudioDecoderTest.SampleFormatWhenClosed" "--gtest_also_run_disabled_tests"
Directory: /Users/neo/Documents/SLIIT/Projects/rav_player/build/tests/decoder
"AudioDecoderTest.SampleFormatWhenClosed" start time: Jul 04 10:51 +0530
Output:
----------------------------------------------------------
Running main() from gmock_main.cc
Note: Google Test filter = AudioDecoderTest.SampleFormatWhenClosed
[==========] Running 1 test from 1 test suite.
[----------] Global test environment set-up.
[----------] 1 test from AudioDecoderTest
[ RUN      ] AudioDecoderTest.SampleFormatWhenClosed
[       OK ] AudioDecoderTest.SampleFormatWhenClosed (0 ms)
[----------] 1 test from AudioDecoderTest (0 ms total)

[----------] Global test environment tear-down
[==========] 1 test from 1 test suite ran. (0 ms total)
[  PASSED  ] 1 test.
<end of output>
Test time =   0.02 sec
----------------------------------------------------------
Test Passed.
"AudioDecoderTest.SampleFormatWhenClosed" end time: Jul 04 10:51 +0530
"AudioDecoderTest.SampleFormatWhenClosed" time elapsed: 00:00:00
----------------------------------------------------------

60/197 Testing: AudioDecoderTest.CloseWhenNotOpen
60/197 Test: AudioDecoderTest.CloseWhenNotOpen
Command: "/Users/neo/Documents/SLIIT/Projects/rav_player/build/tests/decoder/decoder_tests" "--gtest_filter=AudioDecoderTest.CloseWhenNotOpen" "--gtest_also_run_disabled_tests"
Directory: /Users/neo/Documents/SLIIT/Projects/rav_player/build/tests/decoder
"AudioDecoderTest.CloseWhenNotOpen" start time: Jul 04 10:51 +0530
Output:
----------------------------------------------------------
Running main() from gmock_main.cc
Note: Google Test filter = AudioDecoderTest.CloseWhenNotOpen
[==========] Running 1 test from 1 test suite.
[----------] Global test environment set-up.
[----------] 1 test from AudioDecoderTest
[ RUN      ] AudioDecoderTest.CloseWhenNotOpen
[       OK ] AudioDecoderTest.CloseWhenNotOpen (0 ms)
[----------] 1 test from AudioDecoderTest (0 ms total)

[----------] Global test environment tear-down
[==========] 1 test from 1 test suite ran. (0 ms total)
[  PASSED  ] 1 test.
<end of output>
Test time =   0.02 sec
----------------------------------------------------------
Test Passed.
"AudioDecoderTest.CloseWhenNotOpen" end time: Jul 04 10:51 +0530
"AudioDecoderTest.CloseWhenNotOpen" time elapsed: 00:00:00
----------------------------------------------------------

61/197 Testing: FrameQueueTest.InitiallyEmpty
61/197 Test: FrameQueueTest.InitiallyEmpty
Command: "/Users/neo/Documents/SLIIT/Projects/rav_player/build/tests/video/video_tests" "--gtest_filter=FrameQueueTest.InitiallyEmpty" "--gtest_also_run_disabled_tests"
Directory: /Users/neo/Documents/SLIIT/Projects/rav_player/build/tests/video
"FrameQueueTest.InitiallyEmpty" start time: Jul 04 10:51 +0530
Output:
----------------------------------------------------------
Running main() from gmock_main.cc
Note: Google Test filter = FrameQueueTest.InitiallyEmpty
[==========] Running 1 test from 1 test suite.
[----------] Global test environment set-up.
[----------] 1 test from FrameQueueTest
[ RUN      ] FrameQueueTest.InitiallyEmpty
[       OK ] FrameQueueTest.InitiallyEmpty (0 ms)
[----------] 1 test from FrameQueueTest (0 ms total)

[----------] Global test environment tear-down
[==========] 1 test from 1 test suite ran. (0 ms total)
[  PASSED  ] 1 test.
<end of output>
Test time =   0.02 sec
----------------------------------------------------------
Test Passed.
"FrameQueueTest.InitiallyEmpty" end time: Jul 04 10:51 +0530
"FrameQueueTest.InitiallyEmpty" time elapsed: 00:00:00
----------------------------------------------------------

62/197 Testing: FrameQueueTest.PushAndSize
62/197 Test: FrameQueueTest.PushAndSize
Command: "/Users/neo/Documents/SLIIT/Projects/rav_player/build/tests/video/video_tests" "--gtest_filter=FrameQueueTest.PushAndSize" "--gtest_also_run_disabled_tests"
Directory: /Users/neo/Documents/SLIIT/Projects/rav_player/build/tests/video
"FrameQueueTest.PushAndSize" start time: Jul 04 10:51 +0530
Output:
----------------------------------------------------------
Running main() from gmock_main.cc
Note: Google Test filter = FrameQueueTest.PushAndSize
[==========] Running 1 test from 1 test suite.
[----------] Global test environment set-up.
[----------] 1 test from FrameQueueTest
[ RUN      ] FrameQueueTest.PushAndSize
[       OK ] FrameQueueTest.PushAndSize (0 ms)
[----------] 1 test from FrameQueueTest (0 ms total)

[----------] Global test environment tear-down
[==========] 1 test from 1 test suite ran. (0 ms total)
[  PASSED  ] 1 test.
<end of output>
Test time =   0.02 sec
----------------------------------------------------------
Test Passed.
"FrameQueueTest.PushAndSize" end time: Jul 04 10:51 +0530
"FrameQueueTest.PushAndSize" time elapsed: 00:00:00
----------------------------------------------------------

63/197 Testing: FrameQueueTest.PushAndPop
63/197 Test: FrameQueueTest.PushAndPop
Command: "/Users/neo/Documents/SLIIT/Projects/rav_player/build/tests/video/video_tests" "--gtest_filter=FrameQueueTest.PushAndPop" "--gtest_also_run_disabled_tests"
Directory: /Users/neo/Documents/SLIIT/Projects/rav_player/build/tests/video
"FrameQueueTest.PushAndPop" start time: Jul 04 10:51 +0530
Output:
----------------------------------------------------------
Running main() from gmock_main.cc
Note: Google Test filter = FrameQueueTest.PushAndPop
[==========] Running 1 test from 1 test suite.
[----------] Global test environment set-up.
[----------] 1 test from FrameQueueTest
[ RUN      ] FrameQueueTest.PushAndPop
[       OK ] FrameQueueTest.PushAndPop (0 ms)
[----------] 1 test from FrameQueueTest (0 ms total)

[----------] Global test environment tear-down
[==========] 1 test from 1 test suite ran. (0 ms total)
[  PASSED  ] 1 test.
<end of output>
Test time =   0.02 sec
----------------------------------------------------------
Test Passed.
[...]
"PlaylistParserTest.ParseByDetectM3U" start time: Jul 04 10:51 +0530
Output:
----------------------------------------------------------
Running main() from gmock_main.cc
Note: Google Test filter = PlaylistParserTest.ParseByDetectM3U
[==========] Running 1 test from 1 test suite.
[----------] Global test environment set-up.
[----------] 1 test from PlaylistParserTest
[ RUN      ] PlaylistParserTest.ParseByDetectM3U
[       OK ] PlaylistParserTest.ParseByDetectM3U (0 ms)
[----------] 1 test from PlaylistParserTest (0 ms total)

[----------] Global test environment tear-down
[==========] 1 test from 1 test suite ran. (0 ms total)
[  PASSED  ] 1 test.
<end of output>
Test time =   0.02 sec
----------------------------------------------------------
Test Passed.
"PlaylistParserTest.ParseByDetectM3U" end time: Jul 04 10:51 +0530
"PlaylistParserTest.ParseByDetectM3U" time elapsed: 00:00:00
----------------------------------------------------------

184/197 Testing: MetadataExtractorTest.NonExistentFile
184/197 Test: MetadataExtractorTest.NonExistentFile
Command: "/Users/neo/Documents/SLIIT/Projects/rav_player/build/tests/metadata/metadata_tests" "--gtest_filter=MetadataExtractorTest.NonExistentFile" "--gtest_also_run_disabled_tests"
Directory: /Users/neo/Documents/SLIIT/Projects/rav_player/build/tests/metadata
"MetadataExtractorTest.NonExistentFile" start time: Jul 04 10:51 +0530
Output:
----------------------------------------------------------
Running main() from gmock_main.cc
Note: Google Test filter = MetadataExtractorTest.NonExistentFile
[==========] Running 1 test from 1 test suite.
[----------] Global test environment set-up.
[----------] 1 test from MetadataExtractorTest
[ RUN      ] MetadataExtractorTest.NonExistentFile
[       OK ] MetadataExtractorTest.NonExistentFile (0 ms)
[----------] 1 test from MetadataExtractorTest (0 ms total)

[----------] Global test environment tear-down
[==========] 1 test from 1 test suite ran. (0 ms total)
[  PASSED  ] 1 test.
<end of output>
Test time =   0.02 sec
----------------------------------------------------------
Test Passed.
"MetadataExtractorTest.NonExistentFile" end time: Jul 04 10:51 +0530
"MetadataExtractorTest.NonExistentFile" time elapsed: 00:00:00
----------------------------------------------------------

185/197 Testing: MetadataExtractorTest.MediaInfoDefaults
185/197 Test: MetadataExtractorTest.MediaInfoDefaults
Command: "/Users/neo/Documents/SLIIT/Projects/rav_player/build/tests/metadata/metadata_tests" "--gtest_filter=MetadataExtractorTest.MediaInfoDefaults" "--gtest_also_run_disabled_tests"
Directory: /Users/neo/Documents/SLIIT/Projects/rav_player/build/tests/metadata
"MetadataExtractorTest.MediaInfoDefaults" start time: Jul 04 10:51 +0530
Output:
----------------------------------------------------------
Running main() from gmock_main.cc
Note: Google Test filter = MetadataExtractorTest.MediaInfoDefaults
[==========] Running 1 test from 1 test suite.
[----------] Global test environment set-up.
[----------] 1 test from MetadataExtractorTest
[ RUN      ] MetadataExtractorTest.MediaInfoDefaults
[       OK ] MetadataExtractorTest.MediaInfoDefaults (0 ms)
[----------] 1 test from MetadataExtractorTest (0 ms total)

[----------] Global test environment tear-down
[==========] 1 test from 1 test suite ran. (0 ms total)
[  PASSED  ] 1 test.
<end of output>
Test time =   0.02 sec
----------------------------------------------------------
Test Passed.
"MetadataExtractorTest.MediaInfoDefaults" end time: Jul 04 10:51 +0530
"MetadataExtractorTest.MediaInfoDefaults" time elapsed: 00:00:00
----------------------------------------------------------

186/197 Testing: MetadataExtractorTest.MediaStreamInfoDefaults
186/197 Test: MetadataExtractorTest.MediaStreamInfoDefaults
Command: "/Users/neo/Documents/SLIIT/Projects/rav_player/build/tests/metadata/metadata_tests" "--gtest_filter=MetadataExtractorTest.MediaStreamInfoDefaults" "--gtest_also_run_disabled_tests"
Directory: /Users/neo/Documents/SLIIT/Projects/rav_player/build/tests/metadata
"MetadataExtractorTest.MediaStreamInfoDefaults" start time: Jul 04 10:51 +0530
Output:
----------------------------------------------------------
Running main() from gmock_main.cc
Note: Google Test filter = MetadataExtractorTest.MediaStreamInfoDefaults
[==========] Running 1 test from 1 test suite.
[----------] Global test environment set-up.
[----------] 1 test from MetadataExtractorTest
[ RUN      ] MetadataExtractorTest.MediaStreamInfoDefaults
[       OK ] MetadataExtractorTest.MediaStreamInfoDefaults (0 ms)
[----------] 1 test from MetadataExtractorTest (0 ms total)

[----------] Global test environment tear-down
[==========] 1 test from 1 test suite ran. (0 ms total)
[  PASSED  ] 1 test.
<end of output>
Test time =   0.02 sec
----------------------------------------------------------
Test Passed.
"MetadataExtractorTest.MediaStreamInfoDefaults" end time: Jul 04 10:51 +0530
"MetadataExtractorTest.MediaStreamInfoDefaults" time elapsed: 00:00:00
----------------------------------------------------------

187/197 Testing: MetadataExtractorTest.HasEmbeddedMetadata
187/197 Test: MetadataExtractorTest.HasEmbeddedMetadata
Command: "/Users/neo/Documents/SLIIT/Projects/rav_player/build/tests/metadata/metadata_tests" "--gtest_filter=MetadataExtractorTest.HasEmbeddedMetadata" "--gtest_also_run_disabled_tests"
Directory: /Users/neo/Documents/SLIIT/Projects/rav_player/build/tests/metadata
"MetadataExtractorTest.HasEmbeddedMetadata" start time: Jul 04 10:51 +0530
Output:
----------------------------------------------------------
Running main() from gmock_main.cc
Note: Google Test filter = MetadataExtractorTest.HasEmbeddedMetadata
[==========] Running 1 test from 1 test suite.
[----------] Global test environment set-up.
[----------] 1 test from MetadataExtractorTest
[ RUN      ] MetadataExtractorTest.HasEmbeddedMetadata
[       OK ] MetadataExtractorTest.HasEmbeddedMetadata (0 ms)
[----------] 1 test from MetadataExtractorTest (0 ms total)

[----------] Global test environment tear-down
[==========] 1 test from 1 test suite ran. (0 ms total)
[  PASSED  ] 1 test.
<end of output>
Test time =   0.02 sec
----------------------------------------------------------
Test Passed.
"MetadataExtractorTest.HasEmbeddedMetadata" end time: Jul 04 10:51 +0530
"MetadataExtractorTest.HasEmbeddedMetadata" time elapsed: 00:00:00
----------------------------------------------------------

188/197 Testing: MetadataExtractorTest.ExtractNonExistentURI
188/197 Test: MetadataExtractorTest.ExtractNonExistentURI
Command: "/Users/neo/Documents/SLIIT/Projects/rav_player/build/tests/metadata/metadata_tests" "--gtest_filter=MetadataExtractorTest.ExtractNonExistentURI" "--gtest_also_run_disabled_tests"
Directory: /Users/neo/Documents/SLIIT/Projects/rav_player/build/tests/metadata
"MetadataExtractorTest.ExtractNonExistentURI" start time: Jul 04 10:51 +0530
Output:
----------------------------------------------------------
Running main() from gmock_main.cc
Note: Google Test filter = MetadataExtractorTest.ExtractNonExistentURI
[==========] Running 1 test from 1 test suite.
[----------] Global test environment set-up.
[----------] 1 test from MetadataExtractorTest
[ RUN      ] MetadataExtractorTest.ExtractNonExistentURI
[tcp @ 0x701007520] Failed to resolve hostname nonexistent.example.com: nodename nor servname provided, or not known
[       OK ] MetadataExtractorTest.ExtractNonExistentURI (1 ms)
[----------] 1 test from MetadataExtractorTest (1 ms total)

[----------] Global test environment tear-down
[==========] 1 test from 1 test suite ran. (1 ms total)
[  PASSED  ] 1 test.
<end of output>
Test time =   0.02 sec
----------------------------------------------------------
Test Passed.
"MetadataExtractorTest.ExtractNonExistentURI" end time: Jul 04 10:51 +0530
"MetadataExtractorTest.ExtractNonExistentURI" time elapsed: 00:00:00
----------------------------------------------------------

189/197 Testing: ArtworkExtractorTest.NoArtworkForNonexistentFile
189/197 Test: ArtworkExtractorTest.NoArtworkForNonexistentFile
Command: "/Users/neo/Documents/SLIIT/Projects/rav_player/build/tests/metadata/metadata_tests" "--gtest_filter=ArtworkExtractorTest.NoArtworkForNonexistentFile" "--gtest_also_run_disabled_tests"
Directory: /Users/neo/Documents/SLIIT/Projects/rav_player/build/tests/metadata
"ArtworkExtractorTest.NoArtworkForNonexistentFile" start time: Jul 04 10:51 +0530
Output:
----------------------------------------------------------
Running main() from gmock_main.cc
Note: Google Test filter = ArtworkExtractorTest.NoArtworkForNonexistentFile
[==========] Running 1 test from 1 test suite.
[----------] Global test environment set-up.
[----------] 1 test from ArtworkExtractorTest
[ RUN      ] ArtworkExtractorTest.NoArtworkForNonexistentFile
[       OK ] ArtworkExtractorTest.NoArtworkForNonexistentFile (0 ms)
[----------] 1 test from ArtworkExtractorTest (0 ms total)

[----------] Global test environment tear-down
[==========] 1 test from 1 test suite ran. (0 ms total)
[  PASSED  ] 1 test.
<end of output>
Test time =   0.02 sec
----------------------------------------------------------
Test Passed.
"ArtworkExtractorTest.NoArtworkForNonexistentFile" end time: Jul 04 10:51 +0530
"ArtworkExtractorTest.NoArtworkForNonexistentFile" time elapsed: 00:00:00
----------------------------------------------------------

190/197 Testing: ArtworkExtractorTest.ExtractFromNonexistentFile
190/197 Test: ArtworkExtractorTest.ExtractFromNonexistentFile
Command: "/Users/neo/Documents/SLIIT/Projects/rav_player/build/tests/metadata/metadata_tests" "--gtest_filter=ArtworkExtractorTest.ExtractFromNonexistentFile" "--gtest_also_run_disabled_tests"
Directory: /Users/neo/Documents/SLIIT/Projects/rav_player/build/tests/metadata
"ArtworkExtractorTest.ExtractFromNonexistentFile" start time: Jul 04 10:51 +0530
Output:
----------------------------------------------------------
Running main() from gmock_main.cc
Note: Google Test filter = ArtworkExtractorTest.ExtractFromNonexistentFile
[==========] Running 1 test from 1 test suite.
[----------] Global test environment set-up.
[----------] 1 test from ArtworkExtractorTest
[ RUN      ] ArtworkExtractorTest.ExtractFromNonexistentFile
[       OK ] ArtworkExtractorTest.ExtractFromNonexistentFile (0 ms)
[----------] 1 test from ArtworkExtractorTest (0 ms total)

[----------] Global test environment tear-down
[==========] 1 test from 1 test suite ran. (0 ms total)
[  PASSED  ] 1 test.
<end of output>
Test time =   0.02 sec
----------------------------------------------------------
Test Passed.
"ArtworkExtractorTest.ExtractFromNonexistentFile" end time: Jul 04 10:51 +0530
"ArtworkExtractorTest.ExtractFromNonexistentFile" time elapsed: 00:00:00
----------------------------------------------------------

191/197 Testing: ArtworkExtractorTest.DetectJPEG
191/197 Test: ArtworkExtractorTest.DetectJPEG
Command: "/Users/neo/Documents/SLIIT/Projects/rav_player/build/tests/metadata/metadata_tests" "--gtest_filter=ArtworkExtractorTest.DetectJPEG" "--gtest_also_run_disabled_tests"
Directory: /Users/neo/Documents/SLIIT/Projects/rav_player/build/tests/metadata
"ArtworkExtractorTest.DetectJPEG" start time: Jul 04 10:51 +0530
Output:
----------------------------------------------------------
Running main() from gmock_main.cc
Note: Google Test filter = ArtworkExtractorTest.DetectJPEG
[==========] Running 1 test from 1 test suite.
[----------] Global test environment set-up.
[----------] 1 test from ArtworkExtractorTest
[ RUN      ] ArtworkExtractorTest.DetectJPEG
[       OK ] ArtworkExtractorTest.DetectJPEG (0 ms)
[----------] 1 test from ArtworkExtractorTest (0 ms total)

[----------] Global test environment tear-down
[==========] 1 test from 1 test suite ran. (0 ms total)
[  PASSED  ] 1 test.
<end of output>
Test time =   0.02 sec
----------------------------------------------------------
Test Passed.
"ArtworkExtractorTest.DetectJPEG" end time: Jul 04 10:51 +0530
"ArtworkExtractorTest.DetectJPEG" time elapsed: 00:00:00
----------------------------------------------------------

192/197 Testing: ArtworkExtractorTest.DetectPNG
192/197 Test: ArtworkExtractorTest.DetectPNG
Command: "/Users/neo/Documents/SLIIT/Projects/rav_player/build/tests/metadata/metadata_tests" "--gtest_filter=ArtworkExtractorTest.DetectPNG" "--gtest_also_run_disabled_tests"
Directory: /Users/neo/Documents/SLIIT/Projects/rav_player/build/tests/metadata
"ArtworkExtractorTest.DetectPNG" start time: Jul 04 10:51 +0530
Output:
----------------------------------------------------------
Running main() from gmock_main.cc
Note: Google Test filter = ArtworkExtractorTest.DetectPNG
[==========] Running 1 test from 1 test suite.
[----------] Global test environment set-up.
[----------] 1 test from ArtworkExtractorTest
[ RUN      ] ArtworkExtractorTest.DetectPNG
[       OK ] ArtworkExtractorTest.DetectPNG (0 ms)
[----------] 1 test from ArtworkExtractorTest (0 ms total)

[----------] Global test environment tear-down
[==========] 1 test from 1 test suite ran. (0 ms total)
[  PASSED  ] 1 test.
<end of output>
Test time =   0.02 sec
----------------------------------------------------------
Test Passed.
"ArtworkExtractorTest.DetectPNG" end time: Jul 04 10:51 +0530
"ArtworkExtractorTest.DetectPNG" time elapsed: 00:00:00
----------------------------------------------------------

193/197 Testing: ArtworkExtractorTest.DetectBMP
193/197 Test: ArtworkExtractorTest.DetectBMP
Command: "/Users/neo/Documents/SLIIT/Projects/rav_player/build/tests/metadata/metadata_tests" "--gtest_filter=ArtworkExtractorTest.DetectBMP" "--gtest_also_run_disabled_tests"
Directory: /Users/neo/Documents/SLIIT/Projects/rav_player/build/tests/metadata
"ArtworkExtractorTest.DetectBMP" start time: Jul 04 10:51 +0530
Output:
----------------------------------------------------------
Running main() from gmock_main.cc
Note: Google Test filter = ArtworkExtractorTest.DetectBMP
[==========] Running 1 test from 1 test suite.
[----------] Global test environment set-up.
[----------] 1 test from ArtworkExtractorTest
[ RUN      ] ArtworkExtractorTest.DetectBMP
[       OK ] ArtworkExtractorTest.DetectBMP (0 ms)
[----------] 1 test from ArtworkExtractorTest (0 ms total)

[----------] Global test environment tear-down
[==========] 1 test from 1 test suite ran. (0 ms total)
[  PASSED  ] 1 test.
<end of output>
Test time =   0.02 sec
----------------------------------------------------------
Test Passed.
"ArtworkExtractorTest.DetectBMP" end time: Jul 04 10:51 +0530
"ArtworkExtractorTest.DetectBMP" time elapsed: 00:00:00
----------------------------------------------------------

194/197 Testing: ArtworkExtractorTest.DetectGIF
194/197 Test: ArtworkExtractorTest.DetectGIF
Command: "/Users/neo/Documents/SLIIT/Projects/rav_player/build/tests/metadata/metadata_tests" "--gtest_filter=ArtworkExtractorTest.DetectGIF" "--gtest_also_run_disabled_tests"
Directory: /Users/neo/Documents/SLIIT/Projects/rav_player/build/tests/metadata
"ArtworkExtractorTest.DetectGIF" start time: Jul 04 10:51 +0530
Output:
----------------------------------------------------------
Running main() from gmock_main.cc
Note: Google Test filter = ArtworkExtractorTest.DetectGIF
[==========] Running 1 test from 1 test suite.
[----------] Global test environment set-up.
[----------] 1 test from ArtworkExtractorTest
[ RUN      ] ArtworkExtractorTest.DetectGIF
[       OK ] ArtworkExtractorTest.DetectGIF (0 ms)
[----------] 1 test from ArtworkExtractorTest (0 ms total)

[----------] Global test environment tear-down
[==========] 1 test from 1 test suite ran. (0 ms total)
[  PASSED  ] 1 test.
<end of output>
Test time =   0.02 sec
----------------------------------------------------------
Test Passed.
"ArtworkExtractorTest.DetectGIF" end time: Jul 04 10:51 +0530
"ArtworkExtractorTest.DetectGIF" time elapsed: 00:00:00
----------------------------------------------------------

195/197 Testing: ArtworkExtractorTest.DetectUnknown
195/197 Test: ArtworkExtractorTest.DetectUnknown
Command: "/Users/neo/Documents/SLIIT/Projects/rav_player/build/tests/metadata/metadata_tests" "--gtest_filter=ArtworkExtractorTest.DetectUnknown" "--gtest_also_run_disabled_tests"
Directory: /Users/neo/Documents/SLIIT/Projects/rav_player/build/tests/metadata
"ArtworkExtractorTest.DetectUnknown" start time: Jul 04 10:51 +0530
Output:
----------------------------------------------------------
Running main() from gmock_main.cc
Note: Google Test filter = ArtworkExtractorTest.DetectUnknown
[==========] Running 1 test from 1 test suite.
[----------] Global test environment set-up.
[----------] 1 test from ArtworkExtractorTest
[ RUN      ] ArtworkExtractorTest.DetectUnknown
[       OK ] ArtworkExtractorTest.DetectUnknown (0 ms)
[----------] 1 test from ArtworkExtractorTest (0 ms total)

[----------] Global test environment tear-down
[==========] 1 test from 1 test suite ran. (0 ms total)
[  PASSED  ] 1 test.
<end of output>
Test time =   0.02 sec
----------------------------------------------------------
Test Passed.
"ArtworkExtractorTest.DetectUnknown" end time: Jul 04 10:51 +0530
"ArtworkExtractorTest.DetectUnknown" time elapsed: 00:00:00
----------------------------------------------------------

196/197 Testing: ArtworkExtractorTest.DetectEmptyData
196/197 Test: ArtworkExtractorTest.DetectEmptyData
Command: "/Users/neo/Documents/SLIIT/Projects/rav_player/build/tests/metadata/metadata_tests" "--gtest_filter=ArtworkExtractorTest.DetectEmptyData" "--gtest_also_run_disabled_tests"
Directory: /Users/neo/Documents/SLIIT/Projects/rav_player/build/tests/metadata
"ArtworkExtractorTest.DetectEmptyData" start time: Jul 04 10:51 +0530
Output:
----------------------------------------------------------
Running main() from gmock_main.cc
Note: Google Test filter = ArtworkExtractorTest.DetectEmptyData
[==========] Running 1 test from 1 test suite.
[----------] Global test environment set-up.
[----------] 1 test from ArtworkExtractorTest
[ RUN      ] ArtworkExtractorTest.DetectEmptyData
[       OK ] ArtworkExtractorTest.DetectEmptyData (0 ms)
[----------] 1 test from ArtworkExtractorTest (0 ms total)

[----------] Global test environment tear-down
[==========] 1 test from 1 test suite ran. (0 ms total)
[  PASSED  ] 1 test.
<end of output>
Test time =   0.02 sec
----------------------------------------------------------
Test Passed.
"ArtworkExtractorTest.DetectEmptyData" end time: Jul 04 10:51 +0530
"ArtworkExtractorTest.DetectEmptyData" time elapsed: 00:00:00
----------------------------------------------------------

197/197 Testing: ArtworkExtractorTest.IsValidImage
197/197 Test: ArtworkExtractorTest.IsValidImage
Command: "/Users/neo/Documents/SLIIT/Projects/rav_player/build/tests/metadata/metadata_tests" "--gtest_filter=ArtworkExtractorTest.IsValidImage" "--gtest_also_run_disabled_tests"
Directory: /Users/neo/Documents/SLIIT/Projects/rav_player/build/tests/metadata
"ArtworkExtractorTest.IsValidImage" start time: Jul 04 10:51 +0530
Output:
----------------------------------------------------------
Running main() from gmock_main.cc
Note: Google Test filter = ArtworkExtractorTest.IsValidImage
[==========] Running 1 test from 1 test suite.
[----------] Global test environment set-up.
[----------] 1 test from ArtworkExtractorTest
[ RUN      ] ArtworkExtractorTest.IsValidImage
[       OK ] ArtworkExtractorTest.IsValidImage (0 ms)
[----------] 1 test from ArtworkExtractorTest (0 ms total)

[----------] Global test environment tear-down
[==========] 1 test from 1 test suite ran. (0 ms total)
[  PASSED  ] 1 test.
<end of output>
Test time =   0.02 sec
----------------------------------------------------------
Test Passed.
"ArtworkExtractorTest.IsValidImage" end time: Jul 04 10:51 +0530
"ArtworkExtractorTest.IsValidImage" time elapsed: 00:00:00
----------------------------------------------------------

End testing: Jul 04 10:51 +0530
